2016-11-04 00:17:11,286 - [INFO] - from play in main 
Listening for HTTP on port 9000...

2016-11-04 00:17:31,476 - [ERROR] - from application in New I/O server worker #1-1 


! Internal server error, for request [GET /login] ->

sbt.PlayExceptions$CompilationException: Compilation error [エラー: クラス loginのメソッド renderは指定された型に適用できません。]
	at sbt.PlayReloader$$anon$2$$anonfun$reload$3$$anonfun$2$$anonfun$apply$11$$anonfun$apply$12.apply(PlayReloader.scala:224) ~[na:na]
	at sbt.PlayReloader$$anon$2$$anonfun$reload$3$$anonfun$2$$anonfun$apply$11$$anonfun$apply$12.apply(PlayReloader.scala:224) ~[na:na]
	at scala.Option.map(Option.scala:133) ~[scala-library.jar:0.11.2]
	at sbt.PlayReloader$$anon$2$$anonfun$reload$3$$anonfun$2$$anonfun$apply$11.apply(PlayReloader.scala:224) ~[na:na]
	at sbt.PlayReloader$$anon$2$$anonfun$reload$3$$anonfun$2$$anonfun$apply$11.apply(PlayReloader.scala:221) ~[na:na]
	at scala.Option.map(Option.scala:133) ~[scala-library.jar:0.11.2]
	at sbt.PlayReloader$$anon$2$$anonfun$reload$3$$anonfun$2.apply(PlayReloader.scala:221) ~[na:na]
	at sbt.PlayReloader$$anon$2$$anonfun$reload$3$$anonfun$2.apply(PlayReloader.scala:219) ~[na:na]
	at scala.Either$LeftProjection.map(Either.scala:183) ~[scala-library.jar:0.11.2]
	at sbt.PlayReloader$$anon$2$$anonfun$reload$3.apply(PlayReloader.scala:219) ~[na:na]
	at sbt.PlayReloader$$anon$2$$anonfun$reload$3.apply(PlayReloader.scala:214) ~[na:na]
	at scala.Option.getOrElse(Option.scala:108) ~[scala-library.jar:0.11.2]
	at sbt.PlayReloader$$anon$2.reload(PlayReloader.scala:214) ~[na:na]
	at play.core.ReloadableApplication$$anonfun$get$1.apply(ApplicationProvider.scala:110) ~[play_2.9.1.jar:2.0]
	at play.core.ReloadableApplication$$anonfun$get$1.apply(ApplicationProvider.scala:110) ~[play_2.9.1.jar:2.0]
	at akka.dispatch.Future$$anon$3.liftedTree1$1(Future.scala:195) ~[akka-actor.jar:2.0]
	at akka.dispatch.Future$$anon$3.run(Future.scala:194) ~[akka-actor.jar:2.0]
	at akka.dispatch.TaskInvocation.run(AbstractDispatcher.scala:83) ~[akka-actor.jar:2.0]
	at akka.jsr166y.ForkJoinTask$AdaptedRunnableAction.exec(ForkJoinTask.java:1381) ~[akka-actor.jar:2.0]
	at akka.jsr166y.ForkJoinTask.doExec(ForkJoinTask.java:259) ~[akka-actor.jar:2.0]
	at akka.jsr166y.ForkJoinPool$WorkQueue.runTask(ForkJoinPool.java:997) ~[akka-actor.jar:2.0]
	at akka.jsr166y.ForkJoinPool.runWorker(ForkJoinPool.java:1495) ~[akka-actor.jar:2.0]
	at akka.jsr166y.ForkJoinWorkerThread.run(ForkJoinWorkerThread.java:104) ~[akka-actor.jar:2.0]

2016-11-04 00:20:23,246 - [ERROR] - from application in New I/O server worker #1-2 


! Internal server error, for request [GET /login] ->

sbt.PlayExceptions$CompilationException: Compilation error [エラー: シンボルを見つけられません]
	at sbt.PlayReloader$$anon$2$$anonfun$reload$3$$anonfun$2$$anonfun$apply$11$$anonfun$apply$12.apply(PlayReloader.scala:224) ~[na:na]
	at sbt.PlayReloader$$anon$2$$anonfun$reload$3$$anonfun$2$$anonfun$apply$11$$anonfun$apply$12.apply(PlayReloader.scala:224) ~[na:na]
	at scala.Option.map(Option.scala:133) ~[scala-library.jar:0.11.2]
	at sbt.PlayReloader$$anon$2$$anonfun$reload$3$$anonfun$2$$anonfun$apply$11.apply(PlayReloader.scala:224) ~[na:na]
	at sbt.PlayReloader$$anon$2$$anonfun$reload$3$$anonfun$2$$anonfun$apply$11.apply(PlayReloader.scala:221) ~[na:na]
	at scala.Option.map(Option.scala:133) ~[scala-library.jar:0.11.2]
	at sbt.PlayReloader$$anon$2$$anonfun$reload$3$$anonfun$2.apply(PlayReloader.scala:221) ~[na:na]
	at sbt.PlayReloader$$anon$2$$anonfun$reload$3$$anonfun$2.apply(PlayReloader.scala:219) ~[na:na]
	at scala.Either$LeftProjection.map(Either.scala:183) ~[scala-library.jar:0.11.2]
	at sbt.PlayReloader$$anon$2$$anonfun$reload$3.apply(PlayReloader.scala:219) ~[na:na]
	at sbt.PlayReloader$$anon$2$$anonfun$reload$3.apply(PlayReloader.scala:214) ~[na:na]
	at scala.Option.getOrElse(Option.scala:108) ~[scala-library.jar:0.11.2]
	at sbt.PlayReloader$$anon$2.reload(PlayReloader.scala:214) ~[na:na]
	at play.core.ReloadableApplication$$anonfun$get$1.apply(ApplicationProvider.scala:110) ~[play_2.9.1.jar:2.0]
	at play.core.ReloadableApplication$$anonfun$get$1.apply(ApplicationProvider.scala:110) ~[play_2.9.1.jar:2.0]
	at akka.dispatch.Future$$anon$3.liftedTree1$1(Future.scala:195) ~[akka-actor.jar:2.0]
	at akka.dispatch.Future$$anon$3.run(Future.scala:194) ~[akka-actor.jar:2.0]
	at akka.dispatch.TaskInvocation.run(AbstractDispatcher.scala:83) ~[akka-actor.jar:2.0]
	at akka.jsr166y.ForkJoinTask$AdaptedRunnableAction.exec(ForkJoinTask.java:1381) ~[akka-actor.jar:2.0]
	at akka.jsr166y.ForkJoinTask.doExec(ForkJoinTask.java:259) ~[akka-actor.jar:2.0]
	at akka.jsr166y.ForkJoinPool$WorkQueue.runTask(ForkJoinPool.java:997) ~[akka-actor.jar:2.0]
	at akka.jsr166y.ForkJoinPool.runWorker(ForkJoinPool.java:1495) ~[akka-actor.jar:2.0]
	at akka.jsr166y.ForkJoinWorkerThread.run(ForkJoinWorkerThread.java:104) ~[akka-actor.jar:2.0]

2016-11-04 00:21:02,781 - [INFO] - from play in play-akka.actor.default-dispatcher-1 
database [default] connected at jdbc:mysql://systemeng.cyznqpxlr3qc.eu-west-1.rds.amazonaws.com/SystemProject?characterEncoding=UTF8

2016-11-04 00:21:05,124 - [INFO] - from play in play-akka.actor.default-dispatcher-1 
Application started (Dev)

2016-11-04 00:34:29,541 - [INFO] - from play in play-akka.actor.default-dispatcher-4 
database [default] connected at jdbc:mysql://systemeng.cyznqpxlr3qc.eu-west-1.rds.amazonaws.com/SystemProject?characterEncoding=UTF8

2016-11-04 00:34:30,625 - [INFO] - from play in play-akka.actor.default-dispatcher-4 
Application started (Dev)

2016-11-04 11:16:29,610 - [ERROR] - from application in New I/O server worker #1-6 


! Internal server error, for request [GET /login] ->

sbt.PlayExceptions$CompilationException: Compilation error [reference to form is ambiguous;
it is both defined in method apply and imported subsequently by 
import helper._]
	at sbt.PlayReloader$$anon$2$$anonfun$reload$3$$anonfun$2$$anonfun$apply$11$$anonfun$apply$12.apply(PlayReloader.scala:224) ~[na:na]
	at sbt.PlayReloader$$anon$2$$anonfun$reload$3$$anonfun$2$$anonfun$apply$11$$anonfun$apply$12.apply(PlayReloader.scala:224) ~[na:na]
	at scala.Option.map(Option.scala:133) ~[scala-library.jar:0.11.2]
	at sbt.PlayReloader$$anon$2$$anonfun$reload$3$$anonfun$2$$anonfun$apply$11.apply(PlayReloader.scala:224) ~[na:na]
	at sbt.PlayReloader$$anon$2$$anonfun$reload$3$$anonfun$2$$anonfun$apply$11.apply(PlayReloader.scala:221) ~[na:na]
	at scala.Option.map(Option.scala:133) ~[scala-library.jar:0.11.2]
	at sbt.PlayReloader$$anon$2$$anonfun$reload$3$$anonfun$2.apply(PlayReloader.scala:221) ~[na:na]
	at sbt.PlayReloader$$anon$2$$anonfun$reload$3$$anonfun$2.apply(PlayReloader.scala:219) ~[na:na]
	at scala.Either$LeftProjection.map(Either.scala:183) ~[scala-library.jar:0.11.2]
	at sbt.PlayReloader$$anon$2$$anonfun$reload$3.apply(PlayReloader.scala:219) ~[na:na]
	at sbt.PlayReloader$$anon$2$$anonfun$reload$3.apply(PlayReloader.scala:214) ~[na:na]
	at scala.Option.getOrElse(Option.scala:108) ~[scala-library.jar:0.11.2]
	at sbt.PlayReloader$$anon$2.reload(PlayReloader.scala:214) ~[na:na]
	at play.core.ReloadableApplication$$anonfun$get$1.apply(ApplicationProvider.scala:110) ~[play_2.9.1.jar:2.0]
	at play.core.ReloadableApplication$$anonfun$get$1.apply(ApplicationProvider.scala:110) ~[play_2.9.1.jar:2.0]
	at akka.dispatch.Future$$anon$3.liftedTree1$1(Future.scala:195) ~[akka-actor.jar:2.0]
	at akka.dispatch.Future$$anon$3.run(Future.scala:194) ~[akka-actor.jar:2.0]
	at akka.dispatch.TaskInvocation.run(AbstractDispatcher.scala:83) ~[akka-actor.jar:2.0]
	at akka.jsr166y.ForkJoinTask$AdaptedRunnableAction.exec(ForkJoinTask.java:1381) ~[akka-actor.jar:2.0]
	at akka.jsr166y.ForkJoinTask.doExec(ForkJoinTask.java:259) ~[akka-actor.jar:2.0]
	at akka.jsr166y.ForkJoinPool$WorkQueue.runTask(ForkJoinPool.java:997) ~[akka-actor.jar:2.0]
	at akka.jsr166y.ForkJoinPool.runWorker(ForkJoinPool.java:1495) ~[akka-actor.jar:2.0]
	at akka.jsr166y.ForkJoinWorkerThread.run(ForkJoinWorkerThread.java:104) ~[akka-actor.jar:2.0]

2016-11-04 11:26:14,080 - [ERROR] - from application in New I/O server worker #1-7 


! Internal server error, for request [GET /login] ->

sbt.PlayExceptions$CompilationException: Compilation error [reference to form is ambiguous;
it is both defined in method apply and imported subsequently by 
import helper._]
	at sbt.PlayReloader$$anon$2$$anonfun$reload$3$$anonfun$2$$anonfun$apply$11$$anonfun$apply$12.apply(PlayReloader.scala:224) ~[na:na]
	at sbt.PlayReloader$$anon$2$$anonfun$reload$3$$anonfun$2$$anonfun$apply$11$$anonfun$apply$12.apply(PlayReloader.scala:224) ~[na:na]
	at scala.Option.map(Option.scala:133) ~[scala-library.jar:0.11.2]
	at sbt.PlayReloader$$anon$2$$anonfun$reload$3$$anonfun$2$$anonfun$apply$11.apply(PlayReloader.scala:224) ~[na:na]
	at sbt.PlayReloader$$anon$2$$anonfun$reload$3$$anonfun$2$$anonfun$apply$11.apply(PlayReloader.scala:221) ~[na:na]
	at scala.Option.map(Option.scala:133) ~[scala-library.jar:0.11.2]
	at sbt.PlayReloader$$anon$2$$anonfun$reload$3$$anonfun$2.apply(PlayReloader.scala:221) ~[na:na]
	at sbt.PlayReloader$$anon$2$$anonfun$reload$3$$anonfun$2.apply(PlayReloader.scala:219) ~[na:na]
	at scala.Either$LeftProjection.map(Either.scala:183) ~[scala-library.jar:0.11.2]
	at sbt.PlayReloader$$anon$2$$anonfun$reload$3.apply(PlayReloader.scala:219) ~[na:na]
	at sbt.PlayReloader$$anon$2$$anonfun$reload$3.apply(PlayReloader.scala:214) ~[na:na]
	at scala.Option.getOrElse(Option.scala:108) ~[scala-library.jar:0.11.2]
	at sbt.PlayReloader$$anon$2.reload(PlayReloader.scala:214) ~[na:na]
	at play.core.ReloadableApplication$$anonfun$get$1.apply(ApplicationProvider.scala:110) ~[play_2.9.1.jar:2.0]
	at play.core.ReloadableApplication$$anonfun$get$1.apply(ApplicationProvider.scala:110) ~[play_2.9.1.jar:2.0]
	at akka.dispatch.Future$$anon$3.liftedTree1$1(Future.scala:195) ~[akka-actor.jar:2.0]
	at akka.dispatch.Future$$anon$3.run(Future.scala:194) ~[akka-actor.jar:2.0]
	at akka.dispatch.TaskInvocation.run(AbstractDispatcher.scala:83) ~[akka-actor.jar:2.0]
	at akka.jsr166y.ForkJoinTask$AdaptedRunnableAction.exec(ForkJoinTask.java:1381) ~[akka-actor.jar:2.0]
	at akka.jsr166y.ForkJoinTask.doExec(ForkJoinTask.java:259) ~[akka-actor.jar:2.0]
	at akka.jsr166y.ForkJoinPool$WorkQueue.runTask(ForkJoinPool.java:997) ~[akka-actor.jar:2.0]
	at akka.jsr166y.ForkJoinPool.runWorker(ForkJoinPool.java:1495) ~[akka-actor.jar:2.0]
	at akka.jsr166y.ForkJoinWorkerThread.run(ForkJoinWorkerThread.java:104) ~[akka-actor.jar:2.0]

2016-11-04 11:27:52,618 - [ERROR] - from application in New I/O server worker #1-7 


! Internal server error, for request [GET /login] ->

sbt.PlayExceptions$CompilationException: Compilation error [reference to form is ambiguous;
it is both defined in method apply and imported subsequently by 
import helper._]
	at sbt.PlayReloader$$anon$2$$anonfun$reload$3$$anonfun$2$$anonfun$apply$11$$anonfun$apply$12.apply(PlayReloader.scala:224) ~[na:na]
	at sbt.PlayReloader$$anon$2$$anonfun$reload$3$$anonfun$2$$anonfun$apply$11$$anonfun$apply$12.apply(PlayReloader.scala:224) ~[na:na]
	at scala.Option.map(Option.scala:133) ~[scala-library.jar:0.11.2]
	at sbt.PlayReloader$$anon$2$$anonfun$reload$3$$anonfun$2$$anonfun$apply$11.apply(PlayReloader.scala:224) ~[na:na]
	at sbt.PlayReloader$$anon$2$$anonfun$reload$3$$anonfun$2$$anonfun$apply$11.apply(PlayReloader.scala:221) ~[na:na]
	at scala.Option.map(Option.scala:133) ~[scala-library.jar:0.11.2]
	at sbt.PlayReloader$$anon$2$$anonfun$reload$3$$anonfun$2.apply(PlayReloader.scala:221) ~[na:na]
	at sbt.PlayReloader$$anon$2$$anonfun$reload$3$$anonfun$2.apply(PlayReloader.scala:219) ~[na:na]
	at scala.Either$LeftProjection.map(Either.scala:183) ~[scala-library.jar:0.11.2]
	at sbt.PlayReloader$$anon$2$$anonfun$reload$3.apply(PlayReloader.scala:219) ~[na:na]
	at sbt.PlayReloader$$anon$2$$anonfun$reload$3.apply(PlayReloader.scala:214) ~[na:na]
	at scala.Option.getOrElse(Option.scala:108) ~[scala-library.jar:0.11.2]
	at sbt.PlayReloader$$anon$2.reload(PlayReloader.scala:214) ~[na:na]
	at play.core.ReloadableApplication$$anonfun$get$1.apply(ApplicationProvider.scala:110) ~[play_2.9.1.jar:2.0]
	at play.core.ReloadableApplication$$anonfun$get$1.apply(ApplicationProvider.scala:110) ~[play_2.9.1.jar:2.0]
	at akka.dispatch.Future$$anon$3.liftedTree1$1(Future.scala:195) ~[akka-actor.jar:2.0]
	at akka.dispatch.Future$$anon$3.run(Future.scala:194) ~[akka-actor.jar:2.0]
	at akka.dispatch.TaskInvocation.run(AbstractDispatcher.scala:83) ~[akka-actor.jar:2.0]
	at akka.jsr166y.ForkJoinTask$AdaptedRunnableAction.exec(ForkJoinTask.java:1381) ~[akka-actor.jar:2.0]
	at akka.jsr166y.ForkJoinTask.doExec(ForkJoinTask.java:259) ~[akka-actor.jar:2.0]
	at akka.jsr166y.ForkJoinPool$WorkQueue.runTask(ForkJoinPool.java:997) ~[akka-actor.jar:2.0]
	at akka.jsr166y.ForkJoinPool.runWorker(ForkJoinPool.java:1495) ~[akka-actor.jar:2.0]
	at akka.jsr166y.ForkJoinWorkerThread.run(ForkJoinWorkerThread.java:104) ~[akka-actor.jar:2.0]

2016-11-04 11:27:57,572 - [ERROR] - from application in New I/O server worker #1-7 


! Internal server error, for request [GET /] ->

sbt.PlayExceptions$CompilationException: Compilation error [reference to form is ambiguous;
it is both defined in method apply and imported subsequently by 
import helper._]
	at sbt.PlayReloader$$anon$2$$anonfun$reload$3$$anonfun$2$$anonfun$apply$11$$anonfun$apply$12.apply(PlayReloader.scala:224) ~[na:na]
	at sbt.PlayReloader$$anon$2$$anonfun$reload$3$$anonfun$2$$anonfun$apply$11$$anonfun$apply$12.apply(PlayReloader.scala:224) ~[na:na]
	at scala.Option.map(Option.scala:133) ~[scala-library.jar:0.11.2]
	at sbt.PlayReloader$$anon$2$$anonfun$reload$3$$anonfun$2$$anonfun$apply$11.apply(PlayReloader.scala:224) ~[na:na]
	at sbt.PlayReloader$$anon$2$$anonfun$reload$3$$anonfun$2$$anonfun$apply$11.apply(PlayReloader.scala:221) ~[na:na]
	at scala.Option.map(Option.scala:133) ~[scala-library.jar:0.11.2]
	at sbt.PlayReloader$$anon$2$$anonfun$reload$3$$anonfun$2.apply(PlayReloader.scala:221) ~[na:na]
	at sbt.PlayReloader$$anon$2$$anonfun$reload$3$$anonfun$2.apply(PlayReloader.scala:219) ~[na:na]
	at scala.Either$LeftProjection.map(Either.scala:183) ~[scala-library.jar:0.11.2]
	at sbt.PlayReloader$$anon$2$$anonfun$reload$3.apply(PlayReloader.scala:219) ~[na:na]
	at sbt.PlayReloader$$anon$2$$anonfun$reload$3.apply(PlayReloader.scala:214) ~[na:na]
	at scala.Option.getOrElse(Option.scala:108) ~[scala-library.jar:0.11.2]
	at sbt.PlayReloader$$anon$2.reload(PlayReloader.scala:214) ~[na:na]
	at play.core.ReloadableApplication$$anonfun$get$1.apply(ApplicationProvider.scala:110) ~[play_2.9.1.jar:2.0]
	at play.core.ReloadableApplication$$anonfun$get$1.apply(ApplicationProvider.scala:110) ~[play_2.9.1.jar:2.0]
	at akka.dispatch.Future$$anon$3.liftedTree1$1(Future.scala:195) ~[akka-actor.jar:2.0]
	at akka.dispatch.Future$$anon$3.run(Future.scala:194) ~[akka-actor.jar:2.0]
	at akka.dispatch.TaskInvocation.run(AbstractDispatcher.scala:83) ~[akka-actor.jar:2.0]
	at akka.jsr166y.ForkJoinTask$AdaptedRunnableAction.exec(ForkJoinTask.java:1381) ~[akka-actor.jar:2.0]
	at akka.jsr166y.ForkJoinTask.doExec(ForkJoinTask.java:259) ~[akka-actor.jar:2.0]
	at akka.jsr166y.ForkJoinPool$WorkQueue.runTask(ForkJoinPool.java:997) ~[akka-actor.jar:2.0]
	at akka.jsr166y.ForkJoinPool.runWorker(ForkJoinPool.java:1495) ~[akka-actor.jar:2.0]
	at akka.jsr166y.ForkJoinWorkerThread.run(ForkJoinWorkerThread.java:104) ~[akka-actor.jar:2.0]

2016-11-04 11:29:00,610 - [ERROR] - from application in New I/O server worker #1-7 


! Internal server error, for request [GET /] ->

sbt.PlayExceptions$CompilationException: Compilation error [reference to form is ambiguous;
it is both defined in method apply and imported subsequently by 
import helper._]
	at sbt.PlayReloader$$anon$2$$anonfun$reload$3$$anonfun$2$$anonfun$apply$11$$anonfun$apply$12.apply(PlayReloader.scala:224) ~[na:na]
	at sbt.PlayReloader$$anon$2$$anonfun$reload$3$$anonfun$2$$anonfun$apply$11$$anonfun$apply$12.apply(PlayReloader.scala:224) ~[na:na]
	at scala.Option.map(Option.scala:133) ~[scala-library.jar:0.11.2]
	at sbt.PlayReloader$$anon$2$$anonfun$reload$3$$anonfun$2$$anonfun$apply$11.apply(PlayReloader.scala:224) ~[na:na]
	at sbt.PlayReloader$$anon$2$$anonfun$reload$3$$anonfun$2$$anonfun$apply$11.apply(PlayReloader.scala:221) ~[na:na]
	at scala.Option.map(Option.scala:133) ~[scala-library.jar:0.11.2]
	at sbt.PlayReloader$$anon$2$$anonfun$reload$3$$anonfun$2.apply(PlayReloader.scala:221) ~[na:na]
	at sbt.PlayReloader$$anon$2$$anonfun$reload$3$$anonfun$2.apply(PlayReloader.scala:219) ~[na:na]
	at scala.Either$LeftProjection.map(Either.scala:183) ~[scala-library.jar:0.11.2]
	at sbt.PlayReloader$$anon$2$$anonfun$reload$3.apply(PlayReloader.scala:219) ~[na:na]
	at sbt.PlayReloader$$anon$2$$anonfun$reload$3.apply(PlayReloader.scala:214) ~[na:na]
	at scala.Option.getOrElse(Option.scala:108) ~[scala-library.jar:0.11.2]
	at sbt.PlayReloader$$anon$2.reload(PlayReloader.scala:214) ~[na:na]
	at play.core.ReloadableApplication$$anonfun$get$1.apply(ApplicationProvider.scala:110) ~[play_2.9.1.jar:2.0]
	at play.core.ReloadableApplication$$anonfun$get$1.apply(ApplicationProvider.scala:110) ~[play_2.9.1.jar:2.0]
	at akka.dispatch.Future$$anon$3.liftedTree1$1(Future.scala:195) ~[akka-actor.jar:2.0]
	at akka.dispatch.Future$$anon$3.run(Future.scala:194) ~[akka-actor.jar:2.0]
	at akka.dispatch.TaskInvocation.run(AbstractDispatcher.scala:83) ~[akka-actor.jar:2.0]
	at akka.jsr166y.ForkJoinTask$AdaptedRunnableAction.exec(ForkJoinTask.java:1381) ~[akka-actor.jar:2.0]
	at akka.jsr166y.ForkJoinTask.doExec(ForkJoinTask.java:259) ~[akka-actor.jar:2.0]
	at akka.jsr166y.ForkJoinPool$WorkQueue.runTask(ForkJoinPool.java:997) ~[akka-actor.jar:2.0]
	at akka.jsr166y.ForkJoinPool.runWorker(ForkJoinPool.java:1495) ~[akka-actor.jar:2.0]
	at akka.jsr166y.ForkJoinWorkerThread.run(ForkJoinWorkerThread.java:104) ~[akka-actor.jar:2.0]

2016-11-04 11:29:15,272 - [ERROR] - from application in New I/O server worker #1-7 


! Internal server error, for request [GET /] ->

sbt.PlayExceptions$CompilationException: Compilation error [not found: value FieldConstructor]
	at sbt.PlayReloader$$anon$2$$anonfun$reload$3$$anonfun$2$$anonfun$apply$11$$anonfun$apply$12.apply(PlayReloader.scala:224) ~[na:na]
	at sbt.PlayReloader$$anon$2$$anonfun$reload$3$$anonfun$2$$anonfun$apply$11$$anonfun$apply$12.apply(PlayReloader.scala:224) ~[na:na]
	at scala.Option.map(Option.scala:133) ~[scala-library.jar:0.11.2]
	at sbt.PlayReloader$$anon$2$$anonfun$reload$3$$anonfun$2$$anonfun$apply$11.apply(PlayReloader.scala:224) ~[na:na]
	at sbt.PlayReloader$$anon$2$$anonfun$reload$3$$anonfun$2$$anonfun$apply$11.apply(PlayReloader.scala:221) ~[na:na]
	at scala.Option.map(Option.scala:133) ~[scala-library.jar:0.11.2]
	at sbt.PlayReloader$$anon$2$$anonfun$reload$3$$anonfun$2.apply(PlayReloader.scala:221) ~[na:na]
	at sbt.PlayReloader$$anon$2$$anonfun$reload$3$$anonfun$2.apply(PlayReloader.scala:219) ~[na:na]
	at scala.Either$LeftProjection.map(Either.scala:183) ~[scala-library.jar:0.11.2]
	at sbt.PlayReloader$$anon$2$$anonfun$reload$3.apply(PlayReloader.scala:219) ~[na:na]
	at sbt.PlayReloader$$anon$2$$anonfun$reload$3.apply(PlayReloader.scala:214) ~[na:na]
	at scala.Option.getOrElse(Option.scala:108) ~[scala-library.jar:0.11.2]
	at sbt.PlayReloader$$anon$2.reload(PlayReloader.scala:214) ~[na:na]
	at play.core.ReloadableApplication$$anonfun$get$1.apply(ApplicationProvider.scala:110) ~[play_2.9.1.jar:2.0]
	at play.core.ReloadableApplication$$anonfun$get$1.apply(ApplicationProvider.scala:110) ~[play_2.9.1.jar:2.0]
	at akka.dispatch.Future$$anon$3.liftedTree1$1(Future.scala:195) ~[akka-actor.jar:2.0]
	at akka.dispatch.Future$$anon$3.run(Future.scala:194) ~[akka-actor.jar:2.0]
	at akka.dispatch.TaskInvocation.run(AbstractDispatcher.scala:83) ~[akka-actor.jar:2.0]
	at akka.jsr166y.ForkJoinTask$AdaptedRunnableAction.exec(ForkJoinTask.java:1381) ~[akka-actor.jar:2.0]
	at akka.jsr166y.ForkJoinTask.doExec(ForkJoinTask.java:259) ~[akka-actor.jar:2.0]
	at akka.jsr166y.ForkJoinPool$WorkQueue.runTask(ForkJoinPool.java:997) ~[akka-actor.jar:2.0]
	at akka.jsr166y.ForkJoinPool.runWorker(ForkJoinPool.java:1495) ~[akka-actor.jar:2.0]
	at akka.jsr166y.ForkJoinWorkerThread.run(ForkJoinWorkerThread.java:104) ~[akka-actor.jar:2.0]

2016-11-04 11:31:40,704 - [ERROR] - from application in New I/O server worker #1-8 


! Internal server error, for request [GET /] ->

sbt.PlayExceptions$CompilationException: Compilation error [type mismatch;
 found   : java.lang.String("email")
 required: play.api.mvc.Call]
	at sbt.PlayReloader$$anon$2$$anonfun$reload$3$$anonfun$2$$anonfun$apply$11$$anonfun$apply$12.apply(PlayReloader.scala:224) ~[na:na]
	at sbt.PlayReloader$$anon$2$$anonfun$reload$3$$anonfun$2$$anonfun$apply$11$$anonfun$apply$12.apply(PlayReloader.scala:224) ~[na:na]
	at scala.Option.map(Option.scala:133) ~[scala-library.jar:0.11.2]
	at sbt.PlayReloader$$anon$2$$anonfun$reload$3$$anonfun$2$$anonfun$apply$11.apply(PlayReloader.scala:224) ~[na:na]
	at sbt.PlayReloader$$anon$2$$anonfun$reload$3$$anonfun$2$$anonfun$apply$11.apply(PlayReloader.scala:221) ~[na:na]
	at scala.Option.map(Option.scala:133) ~[scala-library.jar:0.11.2]
	at sbt.PlayReloader$$anon$2$$anonfun$reload$3$$anonfun$2.apply(PlayReloader.scala:221) ~[na:na]
	at sbt.PlayReloader$$anon$2$$anonfun$reload$3$$anonfun$2.apply(PlayReloader.scala:219) ~[na:na]
	at scala.Either$LeftProjection.map(Either.scala:183) ~[scala-library.jar:0.11.2]
	at sbt.PlayReloader$$anon$2$$anonfun$reload$3.apply(PlayReloader.scala:219) ~[na:na]
	at sbt.PlayReloader$$anon$2$$anonfun$reload$3.apply(PlayReloader.scala:214) ~[na:na]
	at scala.Option.getOrElse(Option.scala:108) ~[scala-library.jar:0.11.2]
	at sbt.PlayReloader$$anon$2.reload(PlayReloader.scala:214) ~[na:na]
	at play.core.ReloadableApplication$$anonfun$get$1.apply(ApplicationProvider.scala:110) ~[play_2.9.1.jar:2.0]
	at play.core.ReloadableApplication$$anonfun$get$1.apply(ApplicationProvider.scala:110) ~[play_2.9.1.jar:2.0]
	at akka.dispatch.Future$$anon$3.liftedTree1$1(Future.scala:195) ~[akka-actor.jar:2.0]
	at akka.dispatch.Future$$anon$3.run(Future.scala:194) ~[akka-actor.jar:2.0]
	at akka.dispatch.TaskInvocation.run(AbstractDispatcher.scala:83) ~[akka-actor.jar:2.0]
	at akka.jsr166y.ForkJoinTask$AdaptedRunnableAction.exec(ForkJoinTask.java:1381) ~[akka-actor.jar:2.0]
	at akka.jsr166y.ForkJoinTask.doExec(ForkJoinTask.java:259) ~[akka-actor.jar:2.0]
	at akka.jsr166y.ForkJoinPool$WorkQueue.runTask(ForkJoinPool.java:997) ~[akka-actor.jar:2.0]
	at akka.jsr166y.ForkJoinPool.runWorker(ForkJoinPool.java:1495) ~[akka-actor.jar:2.0]
	at akka.jsr166y.ForkJoinWorkerThread.run(ForkJoinWorkerThread.java:104) ~[akka-actor.jar:2.0]

2016-11-04 11:35:52,333 - [INFO] - from play in play-akka.actor.default-dispatcher-4 
database [default] connected at jdbc:mysql://systemeng.cyznqpxlr3qc.eu-west-1.rds.amazonaws.com/SystemProject?characterEncoding=UTF8

2016-11-04 11:35:52,963 - [INFO] - from play in play-akka.actor.default-dispatcher-4 
Application started (Dev)

2016-11-04 11:36:30,626 - [INFO] - from play in play-akka.actor.default-dispatcher-5 
database [default] connected at jdbc:mysql://systemeng.cyznqpxlr3qc.eu-west-1.rds.amazonaws.com/SystemProject?characterEncoding=UTF8

2016-11-04 11:36:31,516 - [INFO] - from play in play-akka.actor.default-dispatcher-5 
Application started (Dev)

2016-11-04 11:46:27,722 - [ERROR] - from application in New I/O server worker #1-3 


! Internal server error, for request [GET /references] ->

sbt.PlayExceptions$TemplateCompilationException: Compilation error [Unmatched bracket]
	at sbt.PlayCommands$$anonfun$48.apply(PlayCommands.scala:543) ~[na:na]
	at sbt.PlayCommands$$anonfun$48.apply(PlayCommands.scala:519) ~[na:na]
	at sbt.Scoped$$anonfun$hf4$1.apply(Structure.scala:475) ~[na:na]
	at sbt.Scoped$$anonfun$hf4$1.apply(Structure.scala:475) ~[na:na]
	at scala.Function1$$anonfun$compose$1.apply(Function1.scala:41) ~[scala-library.jar:0.11.2]
	at sbt.Scoped$Reduced$$anonfun$combine$1$$anonfun$apply$11.apply(Structure.scala:295) ~[na:na]
	at sbt.Scoped$Reduced$$anonfun$combine$1$$anonfun$apply$11.apply(Structure.scala:295) ~[na:na]
	at sbt.$tilde$greater$$anonfun$$u2219$1.apply(TypeFunctions.scala:40) ~[na:na]
	at sbt.std.Transform$$anon$5.work(System.scala:67) ~[na:na]
	at sbt.Execute$$anonfun$submit$1$$anonfun$apply$1.apply(Execute.scala:221) ~[na:na]
	at sbt.Execute$$anonfun$submit$1$$anonfun$apply$1.apply(Execute.scala:221) ~[na:na]
	at sbt.ErrorHandling$.wideConvert(ErrorHandling.scala:18) ~[na:na]
	at sbt.Execute.work(Execute.scala:227) ~[na:na]
	at sbt.Execute$$anonfun$submit$1.apply(Execute.scala:221) ~[na:na]
	at sbt.Execute$$anonfun$submit$1.apply(Execute.scala:221) ~[na:na]
	at sbt.CompletionService$$anon$1$$anon$2.call(CompletionService.scala:26) ~[na:na]
	at java.util.concurrent.FutureTask.run(FutureTask.java:262) ~[na:1.7.0_79]
	at java.util.concurrent.Executors$RunnableAdapter.call(Executors.java:471) ~[na:1.7.0_79]
	at java.util.concurrent.FutureTask.run(FutureTask.java:262) ~[na:1.7.0_79]
	at java.util.concurrent.ThreadPoolExecutor.runWorker(ThreadPoolExecutor.java:1145) [na:1.7.0_79]
	at java.util.concurrent.ThreadPoolExecutor$Worker.run(ThreadPoolExecutor.java:615) [na:1.7.0_79]
	at java.lang.Thread.run(Thread.java:745) [na:1.7.0_79]

2016-11-04 11:46:46,572 - [ERROR] - from application in New I/O server worker #1-3 


! Internal server error, for request [GET /references] ->

sbt.PlayExceptions$CompilationException: Compilation error [`;' expected but identifier found.]
	at sbt.PlayReloader$$anon$2$$anonfun$reload$3$$anonfun$2$$anonfun$apply$11$$anonfun$apply$12.apply(PlayReloader.scala:224) ~[na:na]
	at sbt.PlayReloader$$anon$2$$anonfun$reload$3$$anonfun$2$$anonfun$apply$11$$anonfun$apply$12.apply(PlayReloader.scala:224) ~[na:na]
	at scala.Option.map(Option.scala:133) ~[scala-library.jar:0.11.2]
	at sbt.PlayReloader$$anon$2$$anonfun$reload$3$$anonfun$2$$anonfun$apply$11.apply(PlayReloader.scala:224) ~[na:na]
	at sbt.PlayReloader$$anon$2$$anonfun$reload$3$$anonfun$2$$anonfun$apply$11.apply(PlayReloader.scala:221) ~[na:na]
	at scala.Option.map(Option.scala:133) ~[scala-library.jar:0.11.2]
	at sbt.PlayReloader$$anon$2$$anonfun$reload$3$$anonfun$2.apply(PlayReloader.scala:221) ~[na:na]
	at sbt.PlayReloader$$anon$2$$anonfun$reload$3$$anonfun$2.apply(PlayReloader.scala:219) ~[na:na]
	at scala.Either$LeftProjection.map(Either.scala:183) ~[scala-library.jar:0.11.2]
	at sbt.PlayReloader$$anon$2$$anonfun$reload$3.apply(PlayReloader.scala:219) ~[na:na]
	at sbt.PlayReloader$$anon$2$$anonfun$reload$3.apply(PlayReloader.scala:214) ~[na:na]
	at scala.Option.getOrElse(Option.scala:108) ~[scala-library.jar:0.11.2]
	at sbt.PlayReloader$$anon$2.reload(PlayReloader.scala:214) ~[na:na]
	at play.core.ReloadableApplication$$anonfun$get$1.apply(ApplicationProvider.scala:110) ~[play_2.9.1.jar:2.0]
	at play.core.ReloadableApplication$$anonfun$get$1.apply(ApplicationProvider.scala:110) ~[play_2.9.1.jar:2.0]
	at akka.dispatch.Future$$anon$3.liftedTree1$1(Future.scala:195) ~[akka-actor.jar:2.0]
	at akka.dispatch.Future$$anon$3.run(Future.scala:194) ~[akka-actor.jar:2.0]
	at akka.dispatch.TaskInvocation.run(AbstractDispatcher.scala:83) ~[akka-actor.jar:2.0]
	at akka.jsr166y.ForkJoinTask$AdaptedRunnableAction.exec(ForkJoinTask.java:1381) ~[akka-actor.jar:2.0]
	at akka.jsr166y.ForkJoinTask.doExec(ForkJoinTask.java:259) ~[akka-actor.jar:2.0]
	at akka.jsr166y.ForkJoinPool$WorkQueue.runTask(ForkJoinPool.java:997) ~[akka-actor.jar:2.0]
	at akka.jsr166y.ForkJoinPool.runWorker(ForkJoinPool.java:1495) ~[akka-actor.jar:2.0]
	at akka.jsr166y.ForkJoinWorkerThread.run(ForkJoinWorkerThread.java:104) ~[akka-actor.jar:2.0]

2016-11-04 11:47:16,810 - [ERROR] - from application in New I/O server worker #1-3 


! Internal server error, for request [GET /references] ->

sbt.PlayExceptions$CompilationException: Compilation error [`}' expected but eof found.]
	at sbt.PlayReloader$$anon$2$$anonfun$reload$3$$anonfun$2$$anonfun$apply$11$$anonfun$apply$12.apply(PlayReloader.scala:224) ~[na:na]
	at sbt.PlayReloader$$anon$2$$anonfun$reload$3$$anonfun$2$$anonfun$apply$11$$anonfun$apply$12.apply(PlayReloader.scala:224) ~[na:na]
	at scala.Option.map(Option.scala:133) ~[scala-library.jar:0.11.2]
	at sbt.PlayReloader$$anon$2$$anonfun$reload$3$$anonfun$2$$anonfun$apply$11.apply(PlayReloader.scala:224) ~[na:na]
	at sbt.PlayReloader$$anon$2$$anonfun$reload$3$$anonfun$2$$anonfun$apply$11.apply(PlayReloader.scala:221) ~[na:na]
	at scala.Option.map(Option.scala:133) ~[scala-library.jar:0.11.2]
	at sbt.PlayReloader$$anon$2$$anonfun$reload$3$$anonfun$2.apply(PlayReloader.scala:221) ~[na:na]
	at sbt.PlayReloader$$anon$2$$anonfun$reload$3$$anonfun$2.apply(PlayReloader.scala:219) ~[na:na]
	at scala.Either$LeftProjection.map(Either.scala:183) ~[scala-library.jar:0.11.2]
	at sbt.PlayReloader$$anon$2$$anonfun$reload$3.apply(PlayReloader.scala:219) ~[na:na]
	at sbt.PlayReloader$$anon$2$$anonfun$reload$3.apply(PlayReloader.scala:214) ~[na:na]
	at scala.Option.getOrElse(Option.scala:108) ~[scala-library.jar:0.11.2]
	at sbt.PlayReloader$$anon$2.reload(PlayReloader.scala:214) ~[na:na]
	at play.core.ReloadableApplication$$anonfun$get$1.apply(ApplicationProvider.scala:110) ~[play_2.9.1.jar:2.0]
	at play.core.ReloadableApplication$$anonfun$get$1.apply(ApplicationProvider.scala:110) ~[play_2.9.1.jar:2.0]
	at akka.dispatch.Future$$anon$3.liftedTree1$1(Future.scala:195) ~[akka-actor.jar:2.0]
	at akka.dispatch.Future$$anon$3.run(Future.scala:194) ~[akka-actor.jar:2.0]
	at akka.dispatch.TaskInvocation.run(AbstractDispatcher.scala:83) ~[akka-actor.jar:2.0]
	at akka.jsr166y.ForkJoinTask$AdaptedRunnableAction.exec(ForkJoinTask.java:1381) ~[akka-actor.jar:2.0]
	at akka.jsr166y.ForkJoinTask.doExec(ForkJoinTask.java:259) ~[akka-actor.jar:2.0]
	at akka.jsr166y.ForkJoinPool$WorkQueue.runTask(ForkJoinPool.java:997) ~[akka-actor.jar:2.0]
	at akka.jsr166y.ForkJoinPool.runWorker(ForkJoinPool.java:1495) ~[akka-actor.jar:2.0]
	at akka.jsr166y.ForkJoinWorkerThread.run(ForkJoinWorkerThread.java:104) ~[akka-actor.jar:2.0]

2016-11-04 11:48:26,195 - [ERROR] - from application in New I/O server worker #1-3 


! Internal server error, for request [GET /references] ->

sbt.PlayExceptions$CompilationException: Compilation error [`}' expected but eof found.]
	at sbt.PlayReloader$$anon$2$$anonfun$reload$3$$anonfun$2$$anonfun$apply$11$$anonfun$apply$12.apply(PlayReloader.scala:224) ~[na:na]
	at sbt.PlayReloader$$anon$2$$anonfun$reload$3$$anonfun$2$$anonfun$apply$11$$anonfun$apply$12.apply(PlayReloader.scala:224) ~[na:na]
	at scala.Option.map(Option.scala:133) ~[scala-library.jar:0.11.2]
	at sbt.PlayReloader$$anon$2$$anonfun$reload$3$$anonfun$2$$anonfun$apply$11.apply(PlayReloader.scala:224) ~[na:na]
	at sbt.PlayReloader$$anon$2$$anonfun$reload$3$$anonfun$2$$anonfun$apply$11.apply(PlayReloader.scala:221) ~[na:na]
	at scala.Option.map(Option.scala:133) ~[scala-library.jar:0.11.2]
	at sbt.PlayReloader$$anon$2$$anonfun$reload$3$$anonfun$2.apply(PlayReloader.scala:221) ~[na:na]
	at sbt.PlayReloader$$anon$2$$anonfun$reload$3$$anonfun$2.apply(PlayReloader.scala:219) ~[na:na]
	at scala.Either$LeftProjection.map(Either.scala:183) ~[scala-library.jar:0.11.2]
	at sbt.PlayReloader$$anon$2$$anonfun$reload$3.apply(PlayReloader.scala:219) ~[na:na]
	at sbt.PlayReloader$$anon$2$$anonfun$reload$3.apply(PlayReloader.scala:214) ~[na:na]
	at scala.Option.getOrElse(Option.scala:108) ~[scala-library.jar:0.11.2]
	at sbt.PlayReloader$$anon$2.reload(PlayReloader.scala:214) ~[na:na]
	at play.core.ReloadableApplication$$anonfun$get$1.apply(ApplicationProvider.scala:110) ~[play_2.9.1.jar:2.0]
	at play.core.ReloadableApplication$$anonfun$get$1.apply(ApplicationProvider.scala:110) ~[play_2.9.1.jar:2.0]
	at akka.dispatch.Future$$anon$3.liftedTree1$1(Future.scala:195) ~[akka-actor.jar:2.0]
	at akka.dispatch.Future$$anon$3.run(Future.scala:194) ~[akka-actor.jar:2.0]
	at akka.dispatch.TaskInvocation.run(AbstractDispatcher.scala:83) ~[akka-actor.jar:2.0]
	at akka.jsr166y.ForkJoinTask$AdaptedRunnableAction.exec(ForkJoinTask.java:1381) ~[akka-actor.jar:2.0]
	at akka.jsr166y.ForkJoinTask.doExec(ForkJoinTask.java:259) ~[akka-actor.jar:2.0]
	at akka.jsr166y.ForkJoinPool$WorkQueue.runTask(ForkJoinPool.java:997) ~[akka-actor.jar:2.0]
	at akka.jsr166y.ForkJoinPool.runWorker(ForkJoinPool.java:1495) ~[akka-actor.jar:2.0]
	at akka.jsr166y.ForkJoinWorkerThread.run(ForkJoinWorkerThread.java:104) ~[akka-actor.jar:2.0]

2016-11-04 11:48:30,610 - [ERROR] - from application in New I/O server worker #1-3 


! Internal server error, for request [GET /references] ->

sbt.PlayExceptions$CompilationException: Compilation error [`}' expected but eof found.]
	at sbt.PlayReloader$$anon$2$$anonfun$reload$3$$anonfun$2$$anonfun$apply$11$$anonfun$apply$12.apply(PlayReloader.scala:224) ~[na:na]
	at sbt.PlayReloader$$anon$2$$anonfun$reload$3$$anonfun$2$$anonfun$apply$11$$anonfun$apply$12.apply(PlayReloader.scala:224) ~[na:na]
	at scala.Option.map(Option.scala:133) ~[scala-library.jar:0.11.2]
	at sbt.PlayReloader$$anon$2$$anonfun$reload$3$$anonfun$2$$anonfun$apply$11.apply(PlayReloader.scala:224) ~[na:na]
	at sbt.PlayReloader$$anon$2$$anonfun$reload$3$$anonfun$2$$anonfun$apply$11.apply(PlayReloader.scala:221) ~[na:na]
	at scala.Option.map(Option.scala:133) ~[scala-library.jar:0.11.2]
	at sbt.PlayReloader$$anon$2$$anonfun$reload$3$$anonfun$2.apply(PlayReloader.scala:221) ~[na:na]
	at sbt.PlayReloader$$anon$2$$anonfun$reload$3$$anonfun$2.apply(PlayReloader.scala:219) ~[na:na]
	at scala.Either$LeftProjection.map(Either.scala:183) ~[scala-library.jar:0.11.2]
	at sbt.PlayReloader$$anon$2$$anonfun$reload$3.apply(PlayReloader.scala:219) ~[na:na]
	at sbt.PlayReloader$$anon$2$$anonfun$reload$3.apply(PlayReloader.scala:214) ~[na:na]
	at scala.Option.getOrElse(Option.scala:108) ~[scala-library.jar:0.11.2]
	at sbt.PlayReloader$$anon$2.reload(PlayReloader.scala:214) ~[na:na]
	at play.core.ReloadableApplication$$anonfun$get$1.apply(ApplicationProvider.scala:110) ~[play_2.9.1.jar:2.0]
	at play.core.ReloadableApplication$$anonfun$get$1.apply(ApplicationProvider.scala:110) ~[play_2.9.1.jar:2.0]
	at akka.dispatch.Future$$anon$3.liftedTree1$1(Future.scala:195) ~[akka-actor.jar:2.0]
	at akka.dispatch.Future$$anon$3.run(Future.scala:194) ~[akka-actor.jar:2.0]
	at akka.dispatch.TaskInvocation.run(AbstractDispatcher.scala:83) ~[akka-actor.jar:2.0]
	at akka.jsr166y.ForkJoinTask$AdaptedRunnableAction.exec(ForkJoinTask.java:1381) ~[akka-actor.jar:2.0]
	at akka.jsr166y.ForkJoinTask.doExec(ForkJoinTask.java:259) ~[akka-actor.jar:2.0]
	at akka.jsr166y.ForkJoinPool$WorkQueue.runTask(ForkJoinPool.java:997) ~[akka-actor.jar:2.0]
	at akka.jsr166y.ForkJoinPool.runWorker(ForkJoinPool.java:1495) ~[akka-actor.jar:2.0]
	at akka.jsr166y.ForkJoinWorkerThread.run(ForkJoinWorkerThread.java:104) ~[akka-actor.jar:2.0]

2016-11-04 11:49:36,826 - [ERROR] - from application in New I/O server worker #1-3 


! Internal server error, for request [GET /references] ->

sbt.PlayExceptions$CompilationException: Compilation error [`}' expected but eof found.]
	at sbt.PlayReloader$$anon$2$$anonfun$reload$3$$anonfun$2$$anonfun$apply$11$$anonfun$apply$12.apply(PlayReloader.scala:224) ~[na:na]
	at sbt.PlayReloader$$anon$2$$anonfun$reload$3$$anonfun$2$$anonfun$apply$11$$anonfun$apply$12.apply(PlayReloader.scala:224) ~[na:na]
	at scala.Option.map(Option.scala:133) ~[scala-library.jar:0.11.2]
	at sbt.PlayReloader$$anon$2$$anonfun$reload$3$$anonfun$2$$anonfun$apply$11.apply(PlayReloader.scala:224) ~[na:na]
	at sbt.PlayReloader$$anon$2$$anonfun$reload$3$$anonfun$2$$anonfun$apply$11.apply(PlayReloader.scala:221) ~[na:na]
	at scala.Option.map(Option.scala:133) ~[scala-library.jar:0.11.2]
	at sbt.PlayReloader$$anon$2$$anonfun$reload$3$$anonfun$2.apply(PlayReloader.scala:221) ~[na:na]
	at sbt.PlayReloader$$anon$2$$anonfun$reload$3$$anonfun$2.apply(PlayReloader.scala:219) ~[na:na]
	at scala.Either$LeftProjection.map(Either.scala:183) ~[scala-library.jar:0.11.2]
	at sbt.PlayReloader$$anon$2$$anonfun$reload$3.apply(PlayReloader.scala:219) ~[na:na]
	at sbt.PlayReloader$$anon$2$$anonfun$reload$3.apply(PlayReloader.scala:214) ~[na:na]
	at scala.Option.getOrElse(Option.scala:108) ~[scala-library.jar:0.11.2]
	at sbt.PlayReloader$$anon$2.reload(PlayReloader.scala:214) ~[na:na]
	at play.core.ReloadableApplication$$anonfun$get$1.apply(ApplicationProvider.scala:110) ~[play_2.9.1.jar:2.0]
	at play.core.ReloadableApplication$$anonfun$get$1.apply(ApplicationProvider.scala:110) ~[play_2.9.1.jar:2.0]
	at akka.dispatch.Future$$anon$3.liftedTree1$1(Future.scala:195) ~[akka-actor.jar:2.0]
	at akka.dispatch.Future$$anon$3.run(Future.scala:194) ~[akka-actor.jar:2.0]
	at akka.dispatch.TaskInvocation.run(AbstractDispatcher.scala:83) ~[akka-actor.jar:2.0]
	at akka.jsr166y.ForkJoinTask$AdaptedRunnableAction.exec(ForkJoinTask.java:1381) ~[akka-actor.jar:2.0]
	at akka.jsr166y.ForkJoinTask.doExec(ForkJoinTask.java:259) ~[akka-actor.jar:2.0]
	at akka.jsr166y.ForkJoinPool$WorkQueue.runTask(ForkJoinPool.java:997) ~[akka-actor.jar:2.0]
	at akka.jsr166y.ForkJoinPool.runWorker(ForkJoinPool.java:1495) ~[akka-actor.jar:2.0]
	at akka.jsr166y.ForkJoinWorkerThread.run(ForkJoinWorkerThread.java:104) ~[akka-actor.jar:2.0]

2016-11-04 11:51:03,212 - [ERROR] - from application in New I/O server worker #1-3 


! Internal server error, for request [GET /references] ->

sbt.PlayExceptions$CompilationException: Compilation error [`}' expected but eof found.]
	at sbt.PlayReloader$$anon$2$$anonfun$reload$3$$anonfun$2$$anonfun$apply$11$$anonfun$apply$12.apply(PlayReloader.scala:224) ~[na:na]
	at sbt.PlayReloader$$anon$2$$anonfun$reload$3$$anonfun$2$$anonfun$apply$11$$anonfun$apply$12.apply(PlayReloader.scala:224) ~[na:na]
	at scala.Option.map(Option.scala:133) ~[scala-library.jar:0.11.2]
	at sbt.PlayReloader$$anon$2$$anonfun$reload$3$$anonfun$2$$anonfun$apply$11.apply(PlayReloader.scala:224) ~[na:na]
	at sbt.PlayReloader$$anon$2$$anonfun$reload$3$$anonfun$2$$anonfun$apply$11.apply(PlayReloader.scala:221) ~[na:na]
	at scala.Option.map(Option.scala:133) ~[scala-library.jar:0.11.2]
	at sbt.PlayReloader$$anon$2$$anonfun$reload$3$$anonfun$2.apply(PlayReloader.scala:221) ~[na:na]
	at sbt.PlayReloader$$anon$2$$anonfun$reload$3$$anonfun$2.apply(PlayReloader.scala:219) ~[na:na]
	at scala.Either$LeftProjection.map(Either.scala:183) ~[scala-library.jar:0.11.2]
	at sbt.PlayReloader$$anon$2$$anonfun$reload$3.apply(PlayReloader.scala:219) ~[na:na]
	at sbt.PlayReloader$$anon$2$$anonfun$reload$3.apply(PlayReloader.scala:214) ~[na:na]
	at scala.Option.getOrElse(Option.scala:108) ~[scala-library.jar:0.11.2]
	at sbt.PlayReloader$$anon$2.reload(PlayReloader.scala:214) ~[na:na]
	at play.core.ReloadableApplication$$anonfun$get$1.apply(ApplicationProvider.scala:110) ~[play_2.9.1.jar:2.0]
	at play.core.ReloadableApplication$$anonfun$get$1.apply(ApplicationProvider.scala:110) ~[play_2.9.1.jar:2.0]
	at akka.dispatch.Future$$anon$3.liftedTree1$1(Future.scala:195) ~[akka-actor.jar:2.0]
	at akka.dispatch.Future$$anon$3.run(Future.scala:194) ~[akka-actor.jar:2.0]
	at akka.dispatch.TaskInvocation.run(AbstractDispatcher.scala:83) ~[akka-actor.jar:2.0]
	at akka.jsr166y.ForkJoinTask$AdaptedRunnableAction.exec(ForkJoinTask.java:1381) ~[akka-actor.jar:2.0]
	at akka.jsr166y.ForkJoinTask.doExec(ForkJoinTask.java:259) ~[akka-actor.jar:2.0]
	at akka.jsr166y.ForkJoinPool$WorkQueue.runTask(ForkJoinPool.java:997) ~[akka-actor.jar:2.0]
	at akka.jsr166y.ForkJoinPool.runWorker(ForkJoinPool.java:1495) ~[akka-actor.jar:2.0]
	at akka.jsr166y.ForkJoinWorkerThread.run(ForkJoinWorkerThread.java:104) ~[akka-actor.jar:2.0]

2016-11-04 11:54:33,826 - [ERROR] - from application in New I/O server worker #1-4 


! Internal server error, for request [GET /references] ->

sbt.PlayExceptions$CompilationException: Compilation error [`}' expected but eof found.]
	at sbt.PlayReloader$$anon$2$$anonfun$reload$3$$anonfun$2$$anonfun$apply$11$$anonfun$apply$12.apply(PlayReloader.scala:224) ~[na:na]
	at sbt.PlayReloader$$anon$2$$anonfun$reload$3$$anonfun$2$$anonfun$apply$11$$anonfun$apply$12.apply(PlayReloader.scala:224) ~[na:na]
	at scala.Option.map(Option.scala:133) ~[scala-library.jar:0.11.2]
	at sbt.PlayReloader$$anon$2$$anonfun$reload$3$$anonfun$2$$anonfun$apply$11.apply(PlayReloader.scala:224) ~[na:na]
	at sbt.PlayReloader$$anon$2$$anonfun$reload$3$$anonfun$2$$anonfun$apply$11.apply(PlayReloader.scala:221) ~[na:na]
	at scala.Option.map(Option.scala:133) ~[scala-library.jar:0.11.2]
	at sbt.PlayReloader$$anon$2$$anonfun$reload$3$$anonfun$2.apply(PlayReloader.scala:221) ~[na:na]
	at sbt.PlayReloader$$anon$2$$anonfun$reload$3$$anonfun$2.apply(PlayReloader.scala:219) ~[na:na]
	at scala.Either$LeftProjection.map(Either.scala:183) ~[scala-library.jar:0.11.2]
	at sbt.PlayReloader$$anon$2$$anonfun$reload$3.apply(PlayReloader.scala:219) ~[na:na]
	at sbt.PlayReloader$$anon$2$$anonfun$reload$3.apply(PlayReloader.scala:214) ~[na:na]
	at scala.Option.getOrElse(Option.scala:108) ~[scala-library.jar:0.11.2]
	at sbt.PlayReloader$$anon$2.reload(PlayReloader.scala:214) ~[na:na]
	at play.core.ReloadableApplication$$anonfun$get$1.apply(ApplicationProvider.scala:110) ~[play_2.9.1.jar:2.0]
	at play.core.ReloadableApplication$$anonfun$get$1.apply(ApplicationProvider.scala:110) ~[play_2.9.1.jar:2.0]
	at akka.dispatch.Future$$anon$3.liftedTree1$1(Future.scala:195) ~[akka-actor.jar:2.0]
	at akka.dispatch.Future$$anon$3.run(Future.scala:194) ~[akka-actor.jar:2.0]
	at akka.dispatch.TaskInvocation.run(AbstractDispatcher.scala:83) ~[akka-actor.jar:2.0]
	at akka.jsr166y.ForkJoinTask$AdaptedRunnableAction.exec(ForkJoinTask.java:1381) ~[akka-actor.jar:2.0]
	at akka.jsr166y.ForkJoinTask.doExec(ForkJoinTask.java:259) ~[akka-actor.jar:2.0]
	at akka.jsr166y.ForkJoinPool$WorkQueue.runTask(ForkJoinPool.java:997) ~[akka-actor.jar:2.0]
	at akka.jsr166y.ForkJoinPool.runWorker(ForkJoinPool.java:1495) ~[akka-actor.jar:2.0]
	at akka.jsr166y.ForkJoinWorkerThread.run(ForkJoinWorkerThread.java:104) ~[akka-actor.jar:2.0]

2016-11-04 11:54:39,892 - [ERROR] - from application in New I/O server worker #1-4 


! Internal server error, for request [GET /references] ->

sbt.PlayExceptions$CompilationException: Compilation error [`}' expected but eof found.]
	at sbt.PlayReloader$$anon$2$$anonfun$reload$3$$anonfun$2$$anonfun$apply$11$$anonfun$apply$12.apply(PlayReloader.scala:224) ~[na:na]
	at sbt.PlayReloader$$anon$2$$anonfun$reload$3$$anonfun$2$$anonfun$apply$11$$anonfun$apply$12.apply(PlayReloader.scala:224) ~[na:na]
	at scala.Option.map(Option.scala:133) ~[scala-library.jar:0.11.2]
	at sbt.PlayReloader$$anon$2$$anonfun$reload$3$$anonfun$2$$anonfun$apply$11.apply(PlayReloader.scala:224) ~[na:na]
	at sbt.PlayReloader$$anon$2$$anonfun$reload$3$$anonfun$2$$anonfun$apply$11.apply(PlayReloader.scala:221) ~[na:na]
	at scala.Option.map(Option.scala:133) ~[scala-library.jar:0.11.2]
	at sbt.PlayReloader$$anon$2$$anonfun$reload$3$$anonfun$2.apply(PlayReloader.scala:221) ~[na:na]
	at sbt.PlayReloader$$anon$2$$anonfun$reload$3$$anonfun$2.apply(PlayReloader.scala:219) ~[na:na]
	at scala.Either$LeftProjection.map(Either.scala:183) ~[scala-library.jar:0.11.2]
	at sbt.PlayReloader$$anon$2$$anonfun$reload$3.apply(PlayReloader.scala:219) ~[na:na]
	at sbt.PlayReloader$$anon$2$$anonfun$reload$3.apply(PlayReloader.scala:214) ~[na:na]
	at scala.Option.getOrElse(Option.scala:108) ~[scala-library.jar:0.11.2]
	at sbt.PlayReloader$$anon$2.reload(PlayReloader.scala:214) ~[na:na]
	at play.core.ReloadableApplication$$anonfun$get$1.apply(ApplicationProvider.scala:110) ~[play_2.9.1.jar:2.0]
	at play.core.ReloadableApplication$$anonfun$get$1.apply(ApplicationProvider.scala:110) ~[play_2.9.1.jar:2.0]
	at akka.dispatch.Future$$anon$3.liftedTree1$1(Future.scala:195) ~[akka-actor.jar:2.0]
	at akka.dispatch.Future$$anon$3.run(Future.scala:194) ~[akka-actor.jar:2.0]
	at akka.dispatch.TaskInvocation.run(AbstractDispatcher.scala:83) ~[akka-actor.jar:2.0]
	at akka.jsr166y.ForkJoinTask$AdaptedRunnableAction.exec(ForkJoinTask.java:1381) ~[akka-actor.jar:2.0]
	at akka.jsr166y.ForkJoinTask.doExec(ForkJoinTask.java:259) ~[akka-actor.jar:2.0]
	at akka.jsr166y.ForkJoinPool$WorkQueue.runTask(ForkJoinPool.java:997) ~[akka-actor.jar:2.0]
	at akka.jsr166y.ForkJoinPool.runWorker(ForkJoinPool.java:1495) ~[akka-actor.jar:2.0]
	at akka.jsr166y.ForkJoinWorkerThread.run(ForkJoinWorkerThread.java:104) ~[akka-actor.jar:2.0]

2016-11-04 11:55:04,941 - [ERROR] - from application in New I/O server worker #1-4 


! Internal server error, for request [GET /references] ->

sbt.PlayExceptions$CompilationException: Compilation error [`}' expected but eof found.]
	at sbt.PlayReloader$$anon$2$$anonfun$reload$3$$anonfun$2$$anonfun$apply$11$$anonfun$apply$12.apply(PlayReloader.scala:224) ~[na:na]
	at sbt.PlayReloader$$anon$2$$anonfun$reload$3$$anonfun$2$$anonfun$apply$11$$anonfun$apply$12.apply(PlayReloader.scala:224) ~[na:na]
	at scala.Option.map(Option.scala:133) ~[scala-library.jar:0.11.2]
	at sbt.PlayReloader$$anon$2$$anonfun$reload$3$$anonfun$2$$anonfun$apply$11.apply(PlayReloader.scala:224) ~[na:na]
	at sbt.PlayReloader$$anon$2$$anonfun$reload$3$$anonfun$2$$anonfun$apply$11.apply(PlayReloader.scala:221) ~[na:na]
	at scala.Option.map(Option.scala:133) ~[scala-library.jar:0.11.2]
	at sbt.PlayReloader$$anon$2$$anonfun$reload$3$$anonfun$2.apply(PlayReloader.scala:221) ~[na:na]
	at sbt.PlayReloader$$anon$2$$anonfun$reload$3$$anonfun$2.apply(PlayReloader.scala:219) ~[na:na]
	at scala.Either$LeftProjection.map(Either.scala:183) ~[scala-library.jar:0.11.2]
	at sbt.PlayReloader$$anon$2$$anonfun$reload$3.apply(PlayReloader.scala:219) ~[na:na]
	at sbt.PlayReloader$$anon$2$$anonfun$reload$3.apply(PlayReloader.scala:214) ~[na:na]
	at scala.Option.getOrElse(Option.scala:108) ~[scala-library.jar:0.11.2]
	at sbt.PlayReloader$$anon$2.reload(PlayReloader.scala:214) ~[na:na]
	at play.core.ReloadableApplication$$anonfun$get$1.apply(ApplicationProvider.scala:110) ~[play_2.9.1.jar:2.0]
	at play.core.ReloadableApplication$$anonfun$get$1.apply(ApplicationProvider.scala:110) ~[play_2.9.1.jar:2.0]
	at akka.dispatch.Future$$anon$3.liftedTree1$1(Future.scala:195) ~[akka-actor.jar:2.0]
	at akka.dispatch.Future$$anon$3.run(Future.scala:194) ~[akka-actor.jar:2.0]
	at akka.dispatch.TaskInvocation.run(AbstractDispatcher.scala:83) ~[akka-actor.jar:2.0]
	at akka.jsr166y.ForkJoinTask$AdaptedRunnableAction.exec(ForkJoinTask.java:1381) ~[akka-actor.jar:2.0]
	at akka.jsr166y.ForkJoinTask.doExec(ForkJoinTask.java:259) ~[akka-actor.jar:2.0]
	at akka.jsr166y.ForkJoinPool$WorkQueue.runTask(ForkJoinPool.java:997) ~[akka-actor.jar:2.0]
	at akka.jsr166y.ForkJoinPool.runWorker(ForkJoinPool.java:1495) ~[akka-actor.jar:2.0]
	at akka.jsr166y.ForkJoinWorkerThread.run(ForkJoinWorkerThread.java:104) ~[akka-actor.jar:2.0]

2016-11-04 11:57:48,579 - [ERROR] - from application in New I/O server worker #1-5 


! Internal server error, for request [GET /references] ->

sbt.PlayExceptions$CompilationException: Compilation error [エラー: 文ではありません]
	at sbt.PlayReloader$$anon$2$$anonfun$reload$3$$anonfun$2$$anonfun$apply$11$$anonfun$apply$12.apply(PlayReloader.scala:224) ~[na:na]
	at sbt.PlayReloader$$anon$2$$anonfun$reload$3$$anonfun$2$$anonfun$apply$11$$anonfun$apply$12.apply(PlayReloader.scala:224) ~[na:na]
	at scala.Option.map(Option.scala:133) ~[scala-library.jar:0.11.2]
	at sbt.PlayReloader$$anon$2$$anonfun$reload$3$$anonfun$2$$anonfun$apply$11.apply(PlayReloader.scala:224) ~[na:na]
	at sbt.PlayReloader$$anon$2$$anonfun$reload$3$$anonfun$2$$anonfun$apply$11.apply(PlayReloader.scala:221) ~[na:na]
	at scala.Option.map(Option.scala:133) ~[scala-library.jar:0.11.2]
	at sbt.PlayReloader$$anon$2$$anonfun$reload$3$$anonfun$2.apply(PlayReloader.scala:221) ~[na:na]
	at sbt.PlayReloader$$anon$2$$anonfun$reload$3$$anonfun$2.apply(PlayReloader.scala:219) ~[na:na]
	at scala.Either$LeftProjection.map(Either.scala:183) ~[scala-library.jar:0.11.2]
	at sbt.PlayReloader$$anon$2$$anonfun$reload$3.apply(PlayReloader.scala:219) ~[na:na]
	at sbt.PlayReloader$$anon$2$$anonfun$reload$3.apply(PlayReloader.scala:214) ~[na:na]
	at scala.Option.getOrElse(Option.scala:108) ~[scala-library.jar:0.11.2]
	at sbt.PlayReloader$$anon$2.reload(PlayReloader.scala:214) ~[na:na]
	at play.core.ReloadableApplication$$anonfun$get$1.apply(ApplicationProvider.scala:110) ~[play_2.9.1.jar:2.0]
	at play.core.ReloadableApplication$$anonfun$get$1.apply(ApplicationProvider.scala:110) ~[play_2.9.1.jar:2.0]
	at akka.dispatch.Future$$anon$3.liftedTree1$1(Future.scala:195) ~[akka-actor.jar:2.0]
	at akka.dispatch.Future$$anon$3.run(Future.scala:194) ~[akka-actor.jar:2.0]
	at akka.dispatch.TaskInvocation.run(AbstractDispatcher.scala:83) ~[akka-actor.jar:2.0]
	at akka.jsr166y.ForkJoinTask$AdaptedRunnableAction.exec(ForkJoinTask.java:1381) ~[akka-actor.jar:2.0]
	at akka.jsr166y.ForkJoinTask.doExec(ForkJoinTask.java:259) ~[akka-actor.jar:2.0]
	at akka.jsr166y.ForkJoinPool$WorkQueue.runTask(ForkJoinPool.java:997) ~[akka-actor.jar:2.0]
	at akka.jsr166y.ForkJoinPool.runWorker(ForkJoinPool.java:1495) ~[akka-actor.jar:2.0]
	at akka.jsr166y.ForkJoinWorkerThread.run(ForkJoinWorkerThread.java:104) ~[akka-actor.jar:2.0]

2016-11-04 11:58:05,279 - [ERROR] - from application in New I/O server worker #1-5 


! Internal server error, for request [GET /references] ->

sbt.PlayExceptions$CompilationException: Compilation error [エラー: シンボルを見つけられません]
	at sbt.PlayReloader$$anon$2$$anonfun$reload$3$$anonfun$2$$anonfun$apply$11$$anonfun$apply$12.apply(PlayReloader.scala:224) ~[na:na]
	at sbt.PlayReloader$$anon$2$$anonfun$reload$3$$anonfun$2$$anonfun$apply$11$$anonfun$apply$12.apply(PlayReloader.scala:224) ~[na:na]
	at scala.Option.map(Option.scala:133) ~[scala-library.jar:0.11.2]
	at sbt.PlayReloader$$anon$2$$anonfun$reload$3$$anonfun$2$$anonfun$apply$11.apply(PlayReloader.scala:224) ~[na:na]
	at sbt.PlayReloader$$anon$2$$anonfun$reload$3$$anonfun$2$$anonfun$apply$11.apply(PlayReloader.scala:221) ~[na:na]
	at scala.Option.map(Option.scala:133) ~[scala-library.jar:0.11.2]
	at sbt.PlayReloader$$anon$2$$anonfun$reload$3$$anonfun$2.apply(PlayReloader.scala:221) ~[na:na]
	at sbt.PlayReloader$$anon$2$$anonfun$reload$3$$anonfun$2.apply(PlayReloader.scala:219) ~[na:na]
	at scala.Either$LeftProjection.map(Either.scala:183) ~[scala-library.jar:0.11.2]
	at sbt.PlayReloader$$anon$2$$anonfun$reload$3.apply(PlayReloader.scala:219) ~[na:na]
	at sbt.PlayReloader$$anon$2$$anonfun$reload$3.apply(PlayReloader.scala:214) ~[na:na]
	at scala.Option.getOrElse(Option.scala:108) ~[scala-library.jar:0.11.2]
	at sbt.PlayReloader$$anon$2.reload(PlayReloader.scala:214) ~[na:na]
	at play.core.ReloadableApplication$$anonfun$get$1.apply(ApplicationProvider.scala:110) ~[play_2.9.1.jar:2.0]
	at play.core.ReloadableApplication$$anonfun$get$1.apply(ApplicationProvider.scala:110) ~[play_2.9.1.jar:2.0]
	at akka.dispatch.Future$$anon$3.liftedTree1$1(Future.scala:195) ~[akka-actor.jar:2.0]
	at akka.dispatch.Future$$anon$3.run(Future.scala:194) ~[akka-actor.jar:2.0]
	at akka.dispatch.TaskInvocation.run(AbstractDispatcher.scala:83) ~[akka-actor.jar:2.0]
	at akka.jsr166y.ForkJoinTask$AdaptedRunnableAction.exec(ForkJoinTask.java:1381) ~[akka-actor.jar:2.0]
	at akka.jsr166y.ForkJoinTask.doExec(ForkJoinTask.java:259) ~[akka-actor.jar:2.0]
	at akka.jsr166y.ForkJoinPool$WorkQueue.runTask(ForkJoinPool.java:997) ~[akka-actor.jar:2.0]
	at akka.jsr166y.ForkJoinPool.runWorker(ForkJoinPool.java:1495) ~[akka-actor.jar:2.0]
	at akka.jsr166y.ForkJoinWorkerThread.run(ForkJoinWorkerThread.java:104) ~[akka-actor.jar:2.0]

2016-11-04 11:59:11,126 - [ERROR] - from application in New I/O server worker #1-5 


! Internal server error, for request [GET /references] ->

sbt.PlayExceptions$CompilationException: Compilation error [エラー: シンボルを見つけられません]
	at sbt.PlayReloader$$anon$2$$anonfun$reload$3$$anonfun$2$$anonfun$apply$11$$anonfun$apply$12.apply(PlayReloader.scala:224) ~[na:na]
	at sbt.PlayReloader$$anon$2$$anonfun$reload$3$$anonfun$2$$anonfun$apply$11$$anonfun$apply$12.apply(PlayReloader.scala:224) ~[na:na]
	at scala.Option.map(Option.scala:133) ~[scala-library.jar:0.11.2]
	at sbt.PlayReloader$$anon$2$$anonfun$reload$3$$anonfun$2$$anonfun$apply$11.apply(PlayReloader.scala:224) ~[na:na]
	at sbt.PlayReloader$$anon$2$$anonfun$reload$3$$anonfun$2$$anonfun$apply$11.apply(PlayReloader.scala:221) ~[na:na]
	at scala.Option.map(Option.scala:133) ~[scala-library.jar:0.11.2]
	at sbt.PlayReloader$$anon$2$$anonfun$reload$3$$anonfun$2.apply(PlayReloader.scala:221) ~[na:na]
	at sbt.PlayReloader$$anon$2$$anonfun$reload$3$$anonfun$2.apply(PlayReloader.scala:219) ~[na:na]
	at scala.Either$LeftProjection.map(Either.scala:183) ~[scala-library.jar:0.11.2]
	at sbt.PlayReloader$$anon$2$$anonfun$reload$3.apply(PlayReloader.scala:219) ~[na:na]
	at sbt.PlayReloader$$anon$2$$anonfun$reload$3.apply(PlayReloader.scala:214) ~[na:na]
	at scala.Option.getOrElse(Option.scala:108) ~[scala-library.jar:0.11.2]
	at sbt.PlayReloader$$anon$2.reload(PlayReloader.scala:214) ~[na:na]
	at play.core.ReloadableApplication$$anonfun$get$1.apply(ApplicationProvider.scala:110) ~[play_2.9.1.jar:2.0]
	at play.core.ReloadableApplication$$anonfun$get$1.apply(ApplicationProvider.scala:110) ~[play_2.9.1.jar:2.0]
	at akka.dispatch.Future$$anon$3.liftedTree1$1(Future.scala:195) ~[akka-actor.jar:2.0]
	at akka.dispatch.Future$$anon$3.run(Future.scala:194) ~[akka-actor.jar:2.0]
	at akka.dispatch.TaskInvocation.run(AbstractDispatcher.scala:83) ~[akka-actor.jar:2.0]
	at akka.jsr166y.ForkJoinTask$AdaptedRunnableAction.exec(ForkJoinTask.java:1381) ~[akka-actor.jar:2.0]
	at akka.jsr166y.ForkJoinTask.doExec(ForkJoinTask.java:259) ~[akka-actor.jar:2.0]
	at akka.jsr166y.ForkJoinPool$WorkQueue.runTask(ForkJoinPool.java:997) ~[akka-actor.jar:2.0]
	at akka.jsr166y.ForkJoinPool.runWorker(ForkJoinPool.java:1495) ~[akka-actor.jar:2.0]
	at akka.jsr166y.ForkJoinWorkerThread.run(ForkJoinWorkerThread.java:104) ~[akka-actor.jar:2.0]

2016-11-04 12:03:51,398 - [ERROR] - from application in New I/O server worker #1-6 


! Internal server error, for request [GET /references] ->

sbt.PlayExceptions$CompilationException: Compilation error [unclosed string literal]
	at sbt.PlayReloader$$anon$2$$anonfun$reload$3$$anonfun$2$$anonfun$apply$11$$anonfun$apply$12.apply(PlayReloader.scala:224) ~[na:na]
	at sbt.PlayReloader$$anon$2$$anonfun$reload$3$$anonfun$2$$anonfun$apply$11$$anonfun$apply$12.apply(PlayReloader.scala:224) ~[na:na]
	at scala.Option.map(Option.scala:133) ~[scala-library.jar:0.11.2]
	at sbt.PlayReloader$$anon$2$$anonfun$reload$3$$anonfun$2$$anonfun$apply$11.apply(PlayReloader.scala:224) ~[na:na]
	at sbt.PlayReloader$$anon$2$$anonfun$reload$3$$anonfun$2$$anonfun$apply$11.apply(PlayReloader.scala:221) ~[na:na]
	at scala.Option.map(Option.scala:133) ~[scala-library.jar:0.11.2]
	at sbt.PlayReloader$$anon$2$$anonfun$reload$3$$anonfun$2.apply(PlayReloader.scala:221) ~[na:na]
	at sbt.PlayReloader$$anon$2$$anonfun$reload$3$$anonfun$2.apply(PlayReloader.scala:219) ~[na:na]
	at scala.Either$LeftProjection.map(Either.scala:183) ~[scala-library.jar:0.11.2]
	at sbt.PlayReloader$$anon$2$$anonfun$reload$3.apply(PlayReloader.scala:219) ~[na:na]
	at sbt.PlayReloader$$anon$2$$anonfun$reload$3.apply(PlayReloader.scala:214) ~[na:na]
	at scala.Option.getOrElse(Option.scala:108) ~[scala-library.jar:0.11.2]
	at sbt.PlayReloader$$anon$2.reload(PlayReloader.scala:214) ~[na:na]
	at play.core.ReloadableApplication$$anonfun$get$1.apply(ApplicationProvider.scala:110) ~[play_2.9.1.jar:2.0]
	at play.core.ReloadableApplication$$anonfun$get$1.apply(ApplicationProvider.scala:110) ~[play_2.9.1.jar:2.0]
	at akka.dispatch.Future$$anon$3.liftedTree1$1(Future.scala:195) ~[akka-actor.jar:2.0]
	at akka.dispatch.Future$$anon$3.run(Future.scala:194) ~[akka-actor.jar:2.0]
	at akka.dispatch.TaskInvocation.run(AbstractDispatcher.scala:83) ~[akka-actor.jar:2.0]
	at akka.jsr166y.ForkJoinTask$AdaptedRunnableAction.exec(ForkJoinTask.java:1381) ~[akka-actor.jar:2.0]
	at akka.jsr166y.ForkJoinTask.doExec(ForkJoinTask.java:259) ~[akka-actor.jar:2.0]
	at akka.jsr166y.ForkJoinPool$WorkQueue.runTask(ForkJoinPool.java:997) ~[akka-actor.jar:2.0]
	at akka.jsr166y.ForkJoinPool.runWorker(ForkJoinPool.java:1495) ~[akka-actor.jar:2.0]
	at akka.jsr166y.ForkJoinWorkerThread.run(ForkJoinWorkerThread.java:104) ~[akka-actor.jar:2.0]

2016-11-04 12:04:07,751 - [ERROR] - from application in New I/O server worker #1-6 


! Internal server error, for request [GET /references] ->

sbt.PlayExceptions$CompilationException: Compilation error [エラー: シンボルを見つけられません]
	at sbt.PlayReloader$$anon$2$$anonfun$reload$3$$anonfun$2$$anonfun$apply$11$$anonfun$apply$12.apply(PlayReloader.scala:224) ~[na:na]
	at sbt.PlayReloader$$anon$2$$anonfun$reload$3$$anonfun$2$$anonfun$apply$11$$anonfun$apply$12.apply(PlayReloader.scala:224) ~[na:na]
	at scala.Option.map(Option.scala:133) ~[scala-library.jar:0.11.2]
	at sbt.PlayReloader$$anon$2$$anonfun$reload$3$$anonfun$2$$anonfun$apply$11.apply(PlayReloader.scala:224) ~[na:na]
	at sbt.PlayReloader$$anon$2$$anonfun$reload$3$$anonfun$2$$anonfun$apply$11.apply(PlayReloader.scala:221) ~[na:na]
	at scala.Option.map(Option.scala:133) ~[scala-library.jar:0.11.2]
	at sbt.PlayReloader$$anon$2$$anonfun$reload$3$$anonfun$2.apply(PlayReloader.scala:221) ~[na:na]
	at sbt.PlayReloader$$anon$2$$anonfun$reload$3$$anonfun$2.apply(PlayReloader.scala:219) ~[na:na]
	at scala.Either$LeftProjection.map(Either.scala:183) ~[scala-library.jar:0.11.2]
	at sbt.PlayReloader$$anon$2$$anonfun$reload$3.apply(PlayReloader.scala:219) ~[na:na]
	at sbt.PlayReloader$$anon$2$$anonfun$reload$3.apply(PlayReloader.scala:214) ~[na:na]
	at scala.Option.getOrElse(Option.scala:108) ~[scala-library.jar:0.11.2]
	at sbt.PlayReloader$$anon$2.reload(PlayReloader.scala:214) ~[na:na]
	at play.core.ReloadableApplication$$anonfun$get$1.apply(ApplicationProvider.scala:110) ~[play_2.9.1.jar:2.0]
	at play.core.ReloadableApplication$$anonfun$get$1.apply(ApplicationProvider.scala:110) ~[play_2.9.1.jar:2.0]
	at akka.dispatch.Future$$anon$3.liftedTree1$1(Future.scala:195) ~[akka-actor.jar:2.0]
	at akka.dispatch.Future$$anon$3.run(Future.scala:194) ~[akka-actor.jar:2.0]
	at akka.dispatch.TaskInvocation.run(AbstractDispatcher.scala:83) ~[akka-actor.jar:2.0]
	at akka.jsr166y.ForkJoinTask$AdaptedRunnableAction.exec(ForkJoinTask.java:1381) ~[akka-actor.jar:2.0]
	at akka.jsr166y.ForkJoinTask.doExec(ForkJoinTask.java:259) ~[akka-actor.jar:2.0]
	at akka.jsr166y.ForkJoinPool$WorkQueue.runTask(ForkJoinPool.java:997) ~[akka-actor.jar:2.0]
	at akka.jsr166y.ForkJoinPool.runWorker(ForkJoinPool.java:1495) ~[akka-actor.jar:2.0]
	at akka.jsr166y.ForkJoinWorkerThread.run(ForkJoinWorkerThread.java:104) ~[akka-actor.jar:2.0]

2016-11-04 12:05:06,188 - [INFO] - from play in play-akka.actor.default-dispatcher-6 
database [default] connected at jdbc:mysql://systemeng.cyznqpxlr3qc.eu-west-1.rds.amazonaws.com/SystemProject?characterEncoding=UTF8

2016-11-04 12:05:06,798 - [INFO] - from play in play-akka.actor.default-dispatcher-6 
Application started (Dev)

2016-11-04 12:05:27,882 - [ERROR] - from application in play-akka.actor.actions-dispatcher-9 


! @7214joig4 - Internal server error, for request [POST /login] ->

play.core.ActionInvoker$$anonfun$receive$1$$anon$1: Execution exception [[RuntimeException: java.lang.reflect.InvocationTargetException]]
	at play.core.ActionInvoker$$anonfun$receive$1.apply(Invoker.scala:82) [play_2.9.1.jar:2.0]
	at play.core.ActionInvoker$$anonfun$receive$1.apply(Invoker.scala:63) [play_2.9.1.jar:2.0]
	at akka.actor.Actor$class.apply(Actor.scala:290) [akka-actor.jar:2.0]
	at play.core.ActionInvoker.apply(Invoker.scala:61) [play_2.9.1.jar:2.0]
	at akka.actor.ActorCell.invoke(ActorCell.scala:617) [akka-actor.jar:2.0]
	at akka.dispatch.Mailbox.processMailbox(Mailbox.scala:179) [akka-actor.jar:2.0]
	at akka.dispatch.Mailbox.run(Mailbox.scala:161) [akka-actor.jar:2.0]
	at akka.dispatch.ForkJoinExecutorConfigurator$MailboxExecutionTask.exec(AbstractDispatcher.scala:505) [akka-actor.jar:2.0]
	at akka.jsr166y.ForkJoinTask.doExec(ForkJoinTask.java:259) [akka-actor.jar:2.0]
	at akka.jsr166y.ForkJoinPool$WorkQueue.runTask(ForkJoinPool.java:997) [akka-actor.jar:2.0]
	at akka.jsr166y.ForkJoinPool.runWorker(ForkJoinPool.java:1495) [akka-actor.jar:2.0]
	at akka.jsr166y.ForkJoinWorkerThread.run(ForkJoinWorkerThread.java:104) [akka-actor.jar:2.0]
Caused by: java.lang.RuntimeException: java.lang.reflect.InvocationTargetException
	at play.data.Form.bind(Form.java:225) ~[play_2.9.1.jar:2.0]
	at play.data.Form.bindFromRequest(Form.java:145) ~[play_2.9.1.jar:2.0]
	at controllers.Application.authenticate(Application.java:130) ~[classes/:2.0]
	at Routes$$anonfun$routes$1$$anonfun$apply$19$$anonfun$apply$20.apply(routes_routing.scala:136) ~[classes/:na]
	at Routes$$anonfun$routes$1$$anonfun$apply$19$$anonfun$apply$20.apply(routes_routing.scala:136) ~[classes/:na]
	at play.core.Router$HandlerInvoker$$anon$4$$anon$1.invocation(Router.scala:1086) ~[play_2.9.1.jar:2.0]
	at play.core.j.JavaAction$$anon$1.call(JavaAction.scala:33) ~[play_2.9.1.jar:2.0]
	at play.core.j.JavaAction$class.apply(JavaAction.scala:74) ~[play_2.9.1.jar:2.0]
	at play.core.Router$HandlerInvoker$$anon$4$$anon$1.apply(Router.scala:1085) ~[play_2.9.1.jar:2.0]
	at play.core.ActionInvoker$$anonfun$receive$1$$anonfun$4.apply(Invoker.scala:74) ~[play_2.9.1.jar:2.0]
	at play.core.ActionInvoker$$anonfun$receive$1$$anonfun$4.apply(Invoker.scala:74) ~[play_2.9.1.jar:2.0]
	at play.utils.Threads$.withContextClassLoader(Threads.scala:17) ~[play_2.9.1.jar:2.0]
	at play.core.ActionInvoker$$anonfun$receive$1.apply(Invoker.scala:73) [play_2.9.1.jar:2.0]
	... 11 common frames omitted
Caused by: java.lang.reflect.InvocationTargetException: null
	at sun.reflect.NativeMethodAccessorImpl.invoke0(Native Method) ~[na:1.7.0_79]
	at sun.reflect.NativeMethodAccessorImpl.invoke(NativeMethodAccessorImpl.java:57) ~[na:1.7.0_79]
	at sun.reflect.DelegatingMethodAccessorImpl.invoke(DelegatingMethodAccessorImpl.java:43) ~[na:1.7.0_79]
	at java.lang.reflect.Method.invoke(Method.java:606) ~[na:1.7.0_79]
	at play.data.Form.bind(Form.java:222) ~[play_2.9.1.jar:2.0]
	... 23 common frames omitted
Caused by: javax.persistence.PersistenceException: Query threw SQLException:Table 'SystemProject.user' doesn't exist 
Bind values:[test@example.com, aaaa] 
Query was:
select t0.id c0, t0.email c1, t0.name c2, t0.password c3 
from user t0 
where t0.email = ?  and t0.password = ?  


	at com.avaje.ebeaninternal.server.query.CQuery.createPersistenceException(CQuery.java:849) ~[ebean.jar:na]
	at com.avaje.ebeaninternal.server.query.CQuery.createPersistenceException(CQuery.java:829) ~[ebean.jar:na]
	at com.avaje.ebeaninternal.server.query.CQueryEngine.findMany(CQueryEngine.java:238) ~[ebean.jar:na]
	at com.avaje.ebeaninternal.server.query.DefaultOrmQueryEngine.findMany(DefaultOrmQueryEngine.java:104) ~[ebean.jar:na]
	at com.avaje.ebeaninternal.server.core.OrmQueryRequest.findList(OrmQueryRequest.java:344) ~[ebean.jar:na]
	at com.avaje.ebeaninternal.server.core.DefaultServer.findList(DefaultServer.java:1469) ~[ebean.jar:na]
	at com.avaje.ebeaninternal.server.core.DefaultServer.findUnique(DefaultServer.java:1236) ~[ebean.jar:na]
	at com.avaje.ebeaninternal.server.querydefn.DefaultOrmQuery.findUnique(DefaultOrmQuery.java:924) ~[ebean.jar:na]
	at com.avaje.ebeaninternal.util.DefaultExpressionList.findUnique(DefaultExpressionList.java:217) ~[ebean.jar:na]
	at models.User.authenticate(User.java:53) ~[classes/:na]
	at controllers.Application$Login.validate(Application.java:122) ~[classes/:2.0]
	... 28 common frames omitted
Caused by: com.mysql.jdbc.exceptions.jdbc4.MySQLSyntaxErrorException: Table 'SystemProject.user' doesn't exist
	at sun.reflect.NativeConstructorAccessorImpl.newInstance0(Native Method) ~[na:1.7.0_79]
	at sun.reflect.NativeConstructorAccessorImpl.newInstance(NativeConstructorAccessorImpl.java:57) ~[na:1.7.0_79]
	at sun.reflect.DelegatingConstructorAccessorImpl.newInstance(DelegatingConstructorAccessorImpl.java:45) ~[na:1.7.0_79]
	at java.lang.reflect.Constructor.newInstance(Constructor.java:526) ~[na:1.7.0_79]
	at com.mysql.jdbc.Util.handleNewInstance(Util.java:425) ~[mysql-connector-java-5.1.40.jar:5.1.40]
	at com.mysql.jdbc.Util.getInstance(Util.java:408) ~[mysql-connector-java-5.1.40.jar:5.1.40]
	at com.mysql.jdbc.SQLError.createSQLException(SQLError.java:943) ~[mysql-connector-java-5.1.40.jar:5.1.40]
	at com.mysql.jdbc.MysqlIO.checkErrorPacket(MysqlIO.java:3970) ~[mysql-connector-java-5.1.40.jar:5.1.40]
	at com.mysql.jdbc.MysqlIO.checkErrorPacket(MysqlIO.java:3906) ~[mysql-connector-java-5.1.40.jar:5.1.40]
	at com.mysql.jdbc.MysqlIO.sendCommand(MysqlIO.java:2524) ~[mysql-connector-java-5.1.40.jar:5.1.40]
	at com.mysql.jdbc.MysqlIO.sqlQueryDirect(MysqlIO.java:2677) ~[mysql-connector-java-5.1.40.jar:5.1.40]
	at com.mysql.jdbc.ConnectionImpl.execSQL(ConnectionImpl.java:2549) ~[mysql-connector-java-5.1.40.jar:5.1.40]
	at com.mysql.jdbc.PreparedStatement.executeInternal(PreparedStatement.java:1861) ~[mysql-connector-java-5.1.40.jar:5.1.40]
	at com.mysql.jdbc.PreparedStatement.executeQuery(PreparedStatement.java:1962) ~[mysql-connector-java-5.1.40.jar:5.1.40]
	at com.jolbox.bonecp.PreparedStatementHandle.executeQuery(PreparedStatementHandle.java:172) ~[bonecp.jar:0.7.1.RELEASE]
	at com.avaje.ebeaninternal.server.query.CQuery.prepareBindExecuteQuery(CQuery.java:416) ~[ebean.jar:na]
	at com.avaje.ebeaninternal.server.query.CQueryEngine.findMany(CQueryEngine.java:198) ~[ebean.jar:na]
	... 36 common frames omitted

2016-11-04 12:22:29,808 - [INFO] - from play in play-akka.actor.default-dispatcher-7 
database [default] connected at jdbc:mysql://systemeng.cyznqpxlr3qc.eu-west-1.rds.amazonaws.com/SystemProject?characterEncoding=UTF8

2016-11-04 12:22:30,357 - [INFO] - from play in play-akka.actor.default-dispatcher-7 
Application started (Dev)

2016-11-04 12:22:30,476 - [ERROR] - from application in play-akka.actor.actions-dispatcher-9 


! @7214joig5 - Internal server error, for request [POST /login] ->

play.core.ActionInvoker$$anonfun$receive$1$$anon$1: Execution exception [[RuntimeException: java.lang.reflect.InvocationTargetException]]
	at play.core.ActionInvoker$$anonfun$receive$1.apply(Invoker.scala:82) [play_2.9.1.jar:2.0]
	at play.core.ActionInvoker$$anonfun$receive$1.apply(Invoker.scala:63) [play_2.9.1.jar:2.0]
	at akka.actor.Actor$class.apply(Actor.scala:290) [akka-actor.jar:2.0]
	at play.core.ActionInvoker.apply(Invoker.scala:61) [play_2.9.1.jar:2.0]
	at akka.actor.ActorCell.invoke(ActorCell.scala:617) [akka-actor.jar:2.0]
	at akka.dispatch.Mailbox.processMailbox(Mailbox.scala:179) [akka-actor.jar:2.0]
	at akka.dispatch.Mailbox.run(Mailbox.scala:161) [akka-actor.jar:2.0]
	at akka.dispatch.ForkJoinExecutorConfigurator$MailboxExecutionTask.exec(AbstractDispatcher.scala:505) [akka-actor.jar:2.0]
	at akka.jsr166y.ForkJoinTask.doExec(ForkJoinTask.java:259) [akka-actor.jar:2.0]
	at akka.jsr166y.ForkJoinPool$WorkQueue.runTask(ForkJoinPool.java:997) [akka-actor.jar:2.0]
	at akka.jsr166y.ForkJoinPool.runWorker(ForkJoinPool.java:1495) [akka-actor.jar:2.0]
	at akka.jsr166y.ForkJoinWorkerThread.run(ForkJoinWorkerThread.java:104) [akka-actor.jar:2.0]
Caused by: java.lang.RuntimeException: java.lang.reflect.InvocationTargetException
	at play.data.Form.bind(Form.java:225) ~[play_2.9.1.jar:2.0]
	at play.data.Form.bindFromRequest(Form.java:145) ~[play_2.9.1.jar:2.0]
	at controllers.Application.authenticate(Application.java:130) ~[classes/:2.0]
	at Routes$$anonfun$routes$1$$anonfun$apply$19$$anonfun$apply$20.apply(routes_routing.scala:136) ~[classes/:na]
	at Routes$$anonfun$routes$1$$anonfun$apply$19$$anonfun$apply$20.apply(routes_routing.scala:136) ~[classes/:na]
	at play.core.Router$HandlerInvoker$$anon$4$$anon$1.invocation(Router.scala:1086) ~[play_2.9.1.jar:2.0]
	at play.core.j.JavaAction$$anon$1.call(JavaAction.scala:33) ~[play_2.9.1.jar:2.0]
	at play.core.j.JavaAction$class.apply(JavaAction.scala:74) ~[play_2.9.1.jar:2.0]
	at play.core.Router$HandlerInvoker$$anon$4$$anon$1.apply(Router.scala:1085) ~[play_2.9.1.jar:2.0]
	at play.core.ActionInvoker$$anonfun$receive$1$$anonfun$4.apply(Invoker.scala:74) ~[play_2.9.1.jar:2.0]
	at play.core.ActionInvoker$$anonfun$receive$1$$anonfun$4.apply(Invoker.scala:74) ~[play_2.9.1.jar:2.0]
	at play.utils.Threads$.withContextClassLoader(Threads.scala:17) ~[play_2.9.1.jar:2.0]
	at play.core.ActionInvoker$$anonfun$receive$1.apply(Invoker.scala:73) [play_2.9.1.jar:2.0]
	... 11 common frames omitted
Caused by: java.lang.reflect.InvocationTargetException: null
	at sun.reflect.NativeMethodAccessorImpl.invoke0(Native Method) ~[na:1.7.0_79]
	at sun.reflect.NativeMethodAccessorImpl.invoke(NativeMethodAccessorImpl.java:57) ~[na:1.7.0_79]
	at sun.reflect.DelegatingMethodAccessorImpl.invoke(DelegatingMethodAccessorImpl.java:43) ~[na:1.7.0_79]
	at java.lang.reflect.Method.invoke(Method.java:606) ~[na:1.7.0_79]
	at play.data.Form.bind(Form.java:222) ~[play_2.9.1.jar:2.0]
	... 23 common frames omitted
Caused by: javax.persistence.PersistenceException: Query threw SQLException:Unknown column 't0.id' in 'field list' 
Bind values:[test@example.com, aaaa] 
Query was:
select t0.id c0, t0.email c1, t0.name c2, t0.password c3 
from user t0 
where t0.email = ?  and t0.password = ?  


	at com.avaje.ebeaninternal.server.query.CQuery.createPersistenceException(CQuery.java:849) ~[ebean.jar:na]
	at com.avaje.ebeaninternal.server.query.CQuery.createPersistenceException(CQuery.java:829) ~[ebean.jar:na]
	at com.avaje.ebeaninternal.server.query.CQueryEngine.findMany(CQueryEngine.java:238) ~[ebean.jar:na]
	at com.avaje.ebeaninternal.server.query.DefaultOrmQueryEngine.findMany(DefaultOrmQueryEngine.java:104) ~[ebean.jar:na]
	at com.avaje.ebeaninternal.server.core.OrmQueryRequest.findList(OrmQueryRequest.java:344) ~[ebean.jar:na]
	at com.avaje.ebeaninternal.server.core.DefaultServer.findList(DefaultServer.java:1469) ~[ebean.jar:na]
	at com.avaje.ebeaninternal.server.core.DefaultServer.findUnique(DefaultServer.java:1236) ~[ebean.jar:na]
	at com.avaje.ebeaninternal.server.querydefn.DefaultOrmQuery.findUnique(DefaultOrmQuery.java:924) ~[ebean.jar:na]
	at com.avaje.ebeaninternal.util.DefaultExpressionList.findUnique(DefaultExpressionList.java:217) ~[ebean.jar:na]
	at models.User.authenticate(User.java:53) ~[classes/:na]
	at controllers.Application$Login.validate(Application.java:122) ~[classes/:2.0]
	... 28 common frames omitted
Caused by: com.mysql.jdbc.exceptions.jdbc4.MySQLSyntaxErrorException: Unknown column 't0.id' in 'field list'
	at sun.reflect.NativeConstructorAccessorImpl.newInstance0(Native Method) ~[na:1.7.0_79]
	at sun.reflect.NativeConstructorAccessorImpl.newInstance(NativeConstructorAccessorImpl.java:57) ~[na:1.7.0_79]
	at sun.reflect.DelegatingConstructorAccessorImpl.newInstance(DelegatingConstructorAccessorImpl.java:45) ~[na:1.7.0_79]
	at java.lang.reflect.Constructor.newInstance(Constructor.java:526) ~[na:1.7.0_79]
	at com.mysql.jdbc.Util.handleNewInstance(Util.java:425) ~[mysql-connector-java-5.1.40.jar:5.1.40]
	at com.mysql.jdbc.Util.getInstance(Util.java:408) ~[mysql-connector-java-5.1.40.jar:5.1.40]
	at com.mysql.jdbc.SQLError.createSQLException(SQLError.java:943) ~[mysql-connector-java-5.1.40.jar:5.1.40]
	at com.mysql.jdbc.MysqlIO.checkErrorPacket(MysqlIO.java:3970) ~[mysql-connector-java-5.1.40.jar:5.1.40]
	at com.mysql.jdbc.MysqlIO.checkErrorPacket(MysqlIO.java:3906) ~[mysql-connector-java-5.1.40.jar:5.1.40]
	at com.mysql.jdbc.MysqlIO.sendCommand(MysqlIO.java:2524) ~[mysql-connector-java-5.1.40.jar:5.1.40]
	at com.mysql.jdbc.MysqlIO.sqlQueryDirect(MysqlIO.java:2677) ~[mysql-connector-java-5.1.40.jar:5.1.40]
	at com.mysql.jdbc.ConnectionImpl.execSQL(ConnectionImpl.java:2549) ~[mysql-connector-java-5.1.40.jar:5.1.40]
	at com.mysql.jdbc.PreparedStatement.executeInternal(PreparedStatement.java:1861) ~[mysql-connector-java-5.1.40.jar:5.1.40]
	at com.mysql.jdbc.PreparedStatement.executeQuery(PreparedStatement.java:1962) ~[mysql-connector-java-5.1.40.jar:5.1.40]
	at com.jolbox.bonecp.PreparedStatementHandle.executeQuery(PreparedStatementHandle.java:172) ~[bonecp.jar:0.7.1.RELEASE]
	at com.avaje.ebeaninternal.server.query.CQuery.prepareBindExecuteQuery(CQuery.java:416) ~[ebean.jar:na]
	at com.avaje.ebeaninternal.server.query.CQueryEngine.findMany(CQueryEngine.java:198) ~[ebean.jar:na]
	... 36 common frames omitted

2016-11-04 12:25:58,145 - [ERROR] - from application in play-akka.actor.actions-dispatcher-9 


! @7214joig6 - Internal server error, for request [POST /login] ->

play.core.ActionInvoker$$anonfun$receive$1$$anon$1: Execution exception [[RuntimeException: java.lang.reflect.InvocationTargetException]]
	at play.core.ActionInvoker$$anonfun$receive$1.apply(Invoker.scala:82) [play_2.9.1.jar:2.0]
	at play.core.ActionInvoker$$anonfun$receive$1.apply(Invoker.scala:63) [play_2.9.1.jar:2.0]
	at akka.actor.Actor$class.apply(Actor.scala:290) [akka-actor.jar:2.0]
	at play.core.ActionInvoker.apply(Invoker.scala:61) [play_2.9.1.jar:2.0]
	at akka.actor.ActorCell.invoke(ActorCell.scala:617) [akka-actor.jar:2.0]
	at akka.dispatch.Mailbox.processMailbox(Mailbox.scala:179) [akka-actor.jar:2.0]
	at akka.dispatch.Mailbox.run(Mailbox.scala:161) [akka-actor.jar:2.0]
	at akka.dispatch.ForkJoinExecutorConfigurator$MailboxExecutionTask.exec(AbstractDispatcher.scala:505) [akka-actor.jar:2.0]
	at akka.jsr166y.ForkJoinTask.doExec(ForkJoinTask.java:259) [akka-actor.jar:2.0]
	at akka.jsr166y.ForkJoinPool$WorkQueue.runTask(ForkJoinPool.java:997) [akka-actor.jar:2.0]
	at akka.jsr166y.ForkJoinPool.runWorker(ForkJoinPool.java:1495) [akka-actor.jar:2.0]
	at akka.jsr166y.ForkJoinWorkerThread.run(ForkJoinWorkerThread.java:104) [akka-actor.jar:2.0]
Caused by: java.lang.RuntimeException: java.lang.reflect.InvocationTargetException
	at play.data.Form.bind(Form.java:225) ~[play_2.9.1.jar:2.0]
	at play.data.Form.bindFromRequest(Form.java:145) ~[play_2.9.1.jar:2.0]
	at controllers.Application.authenticate(Application.java:130) ~[classes/:2.0]
	at Routes$$anonfun$routes$1$$anonfun$apply$19$$anonfun$apply$20.apply(routes_routing.scala:136) ~[classes/:na]
	at Routes$$anonfun$routes$1$$anonfun$apply$19$$anonfun$apply$20.apply(routes_routing.scala:136) ~[classes/:na]
	at play.core.Router$HandlerInvoker$$anon$4$$anon$1.invocation(Router.scala:1086) ~[play_2.9.1.jar:2.0]
	at play.core.j.JavaAction$$anon$1.call(JavaAction.scala:33) ~[play_2.9.1.jar:2.0]
	at play.core.j.JavaAction$class.apply(JavaAction.scala:74) ~[play_2.9.1.jar:2.0]
	at play.core.Router$HandlerInvoker$$anon$4$$anon$1.apply(Router.scala:1085) ~[play_2.9.1.jar:2.0]
	at play.core.ActionInvoker$$anonfun$receive$1$$anonfun$4.apply(Invoker.scala:74) ~[play_2.9.1.jar:2.0]
	at play.core.ActionInvoker$$anonfun$receive$1$$anonfun$4.apply(Invoker.scala:74) ~[play_2.9.1.jar:2.0]
	at play.utils.Threads$.withContextClassLoader(Threads.scala:17) ~[play_2.9.1.jar:2.0]
	at play.core.ActionInvoker$$anonfun$receive$1.apply(Invoker.scala:73) [play_2.9.1.jar:2.0]
	... 11 common frames omitted
Caused by: java.lang.reflect.InvocationTargetException: null
	at sun.reflect.NativeMethodAccessorImpl.invoke0(Native Method) ~[na:1.7.0_79]
	at sun.reflect.NativeMethodAccessorImpl.invoke(NativeMethodAccessorImpl.java:57) ~[na:1.7.0_79]
	at sun.reflect.DelegatingMethodAccessorImpl.invoke(DelegatingMethodAccessorImpl.java:43) ~[na:1.7.0_79]
	at java.lang.reflect.Method.invoke(Method.java:606) ~[na:1.7.0_79]
	at play.data.Form.bind(Form.java:222) ~[play_2.9.1.jar:2.0]
	... 23 common frames omitted
Caused by: javax.persistence.PersistenceException: Query threw SQLException:Unknown column 't0.name' in 'field list' 
Bind values:[test@example.com, aaaa] 
Query was:
select t0.id c0, t0.email c1, t0.name c2, t0.password c3 
from user t0 
where t0.email = ?  and t0.password = ?  


	at com.avaje.ebeaninternal.server.query.CQuery.createPersistenceException(CQuery.java:849) ~[ebean.jar:na]
	at com.avaje.ebeaninternal.server.query.CQuery.createPersistenceException(CQuery.java:829) ~[ebean.jar:na]
	at com.avaje.ebeaninternal.server.query.CQueryEngine.findMany(CQueryEngine.java:238) ~[ebean.jar:na]
	at com.avaje.ebeaninternal.server.query.DefaultOrmQueryEngine.findMany(DefaultOrmQueryEngine.java:104) ~[ebean.jar:na]
	at com.avaje.ebeaninternal.server.core.OrmQueryRequest.findList(OrmQueryRequest.java:344) ~[ebean.jar:na]
	at com.avaje.ebeaninternal.server.core.DefaultServer.findList(DefaultServer.java:1469) ~[ebean.jar:na]
	at com.avaje.ebeaninternal.server.core.DefaultServer.findUnique(DefaultServer.java:1236) ~[ebean.jar:na]
	at com.avaje.ebeaninternal.server.querydefn.DefaultOrmQuery.findUnique(DefaultOrmQuery.java:924) ~[ebean.jar:na]
	at com.avaje.ebeaninternal.util.DefaultExpressionList.findUnique(DefaultExpressionList.java:217) ~[ebean.jar:na]
	at models.User.authenticate(User.java:53) ~[classes/:na]
	at controllers.Application$Login.validate(Application.java:122) ~[classes/:2.0]
	... 28 common frames omitted
Caused by: com.mysql.jdbc.exceptions.jdbc4.MySQLSyntaxErrorException: Unknown column 't0.name' in 'field list'
	at sun.reflect.NativeConstructorAccessorImpl.newInstance0(Native Method) ~[na:1.7.0_79]
	at sun.reflect.NativeConstructorAccessorImpl.newInstance(NativeConstructorAccessorImpl.java:57) ~[na:1.7.0_79]
	at sun.reflect.DelegatingConstructorAccessorImpl.newInstance(DelegatingConstructorAccessorImpl.java:45) ~[na:1.7.0_79]
	at java.lang.reflect.Constructor.newInstance(Constructor.java:526) ~[na:1.7.0_79]
	at com.mysql.jdbc.Util.handleNewInstance(Util.java:425) ~[mysql-connector-java-5.1.40.jar:5.1.40]
	at com.mysql.jdbc.Util.getInstance(Util.java:408) ~[mysql-connector-java-5.1.40.jar:5.1.40]
	at com.mysql.jdbc.SQLError.createSQLException(SQLError.java:943) ~[mysql-connector-java-5.1.40.jar:5.1.40]
	at com.mysql.jdbc.MysqlIO.checkErrorPacket(MysqlIO.java:3970) ~[mysql-connector-java-5.1.40.jar:5.1.40]
	at com.mysql.jdbc.MysqlIO.checkErrorPacket(MysqlIO.java:3906) ~[mysql-connector-java-5.1.40.jar:5.1.40]
	at com.mysql.jdbc.MysqlIO.sendCommand(MysqlIO.java:2524) ~[mysql-connector-java-5.1.40.jar:5.1.40]
	at com.mysql.jdbc.MysqlIO.sqlQueryDirect(MysqlIO.java:2677) ~[mysql-connector-java-5.1.40.jar:5.1.40]
	at com.mysql.jdbc.ConnectionImpl.execSQL(ConnectionImpl.java:2549) ~[mysql-connector-java-5.1.40.jar:5.1.40]
	at com.mysql.jdbc.PreparedStatement.executeInternal(PreparedStatement.java:1861) ~[mysql-connector-java-5.1.40.jar:5.1.40]
	at com.mysql.jdbc.PreparedStatement.executeQuery(PreparedStatement.java:1962) ~[mysql-connector-java-5.1.40.jar:5.1.40]
	at com.jolbox.bonecp.PreparedStatementHandle.executeQuery(PreparedStatementHandle.java:172) ~[bonecp.jar:0.7.1.RELEASE]
	at com.avaje.ebeaninternal.server.query.CQuery.prepareBindExecuteQuery(CQuery.java:416) ~[ebean.jar:na]
	at com.avaje.ebeaninternal.server.query.CQueryEngine.findMany(CQueryEngine.java:198) ~[ebean.jar:na]
	... 36 common frames omitted

2016-11-04 12:27:17,892 - [INFO] - from play in play-akka.actor.default-dispatcher-7 
database [default] connected at jdbc:mysql://systemeng.cyznqpxlr3qc.eu-west-1.rds.amazonaws.com/SystemProject?characterEncoding=UTF8

2016-11-04 12:27:18,430 - [INFO] - from play in play-akka.actor.default-dispatcher-7 
Application started (Dev)

2016-11-04 12:33:32,866 - [INFO] - from play in play-akka.actor.default-dispatcher-8 
database [default] connected at jdbc:mysql://systemeng.cyznqpxlr3qc.eu-west-1.rds.amazonaws.com/SystemProject?characterEncoding=UTF8

2016-11-04 12:33:33,410 - [INFO] - from play in play-akka.actor.default-dispatcher-8 
Application started (Dev)

